#
# There is insufficient memory for the Java Runtime Environment to continue.
# Native memory allocation (mmap) failed to map 715849728 bytes for committing reserved memory.
# Possible reasons:
#   The system is out of physical RAM or swap space
#   In 32 bit mode, the process size limit was hit
# Possible solutions:
#   Reduce memory load on the system
#   Increase physical memory or swap space
#   Check if swap backing store is full
#   Use 64 bit Java on a 64 bit OS
#   Decrease Java heap size (-Xmx/-Xms)
#   Decrease number of Java threads
#   Decrease Java thread stack sizes (-Xss)
#   Set larger code cache with -XX:ReservedCodeCacheSize=
# This output file may be truncated or incomplete.
#
#  Out of Memory Error (os_linux.cpp:2673), pid=6484, tid=139695649654528
#
# JRE version:  (8.0_51-b16) (build )
# Java VM: Java HotSpot(TM) 64-Bit Server VM (25.51-b03 mixed mode linux-amd64 compressed oops)
# Failed to write core dump. Core dumps have been disabled. To enable core dumping, try "ulimit -c unlimited" before starting Java again
#

---------------  T H R E A D  ---------------

Current thread (0x00007f0d64009800):  JavaThread "Unknown thread" [_thread_in_vm, id=6485, stack(0x00007f0d6d830000,0x00007f0d6d931000)]

Stack: [0x00007f0d6d830000,0x00007f0d6d931000],  sp=0x00007f0d6d92f340,  free space=1020k
Native frames: (J=compiled Java code, j=interpreted, Vv=VM code, C=native code)
V  [libjvm.so+0xaaccfa]  VMError::report_and_die()+0x2ba
V  [libjvm.so+0x4f333b]  report_vm_out_of_memory(char const*, int, unsigned long, VMErrorType, char const*)+0x8b
V  [libjvm.so+0x90ea23]  os::Linux::commit_memory_impl(char*, unsigned long, bool)+0x103
V  [libjvm.so+0x90ef79]  os::pd_commit_memory(char*, unsigned long, unsigned long, bool)+0x29
V  [libjvm.so+0x9088da]  os::commit_memory(char*, unsigned long, unsigned long, bool)+0x2a
V  [libjvm.so+0xaa89a9]  VirtualSpace::expand_by(unsigned long, bool)+0x1c9
V  [libjvm.so+0xaa947e]  VirtualSpace::initialize(ReservedSpace, unsigned long)+0xee
V  [libjvm.so+0x5ed9f1]  CardGeneration::CardGeneration(ReservedSpace, unsigned long, int, GenRemSet*)+0xf1
V  [libjvm.so+0xa50f1f]  TenuredGeneration::TenuredGeneration(ReservedSpace, unsigned long, int, GenRemSet*)+0x5f
V  [libjvm.so+0x5eece9]  GenerationSpec::init(ReservedSpace, int, GenRemSet*)+0x339
V  [libjvm.so+0x5dd74e]  GenCollectedHeap::initialize()+0x1ee
V  [libjvm.so+0xa75e0b]  Universe::initialize_heap()+0xfb
V  [libjvm.so+0xa7617e]  universe_init()+0x3e
V  [libjvm.so+0x62f635]  init_globals()+0x65
V  [libjvm.so+0xa5a38e]  Threads::create_vm(JavaVMInitArgs*, bool*)+0x23e
V  [libjvm.so+0x6c3244]  JNI_CreateJavaVM+0x74
C  [libjli.so+0x745e]  JavaMain+0x9e
C  [libpthread.so.0+0x80a4]  start_thread+0xc4


---------------  P R O C E S S  ---------------

Java Threads: ( => current thread )

Other Threads:

=>0x00007f0d64009800 (exited) JavaThread "Unknown thread" [_thread_in_vm, id=6485, stack(0x00007f0d6d830000,0x00007f0d6d931000)]

VM state:not at safepoint (not fully initialized)

VM Mutex/Monitor currently owned by a thread: None

GC Heap History (0 events):
No events

Deoptimization events (0 events):
No events

Internal exceptions (0 events):
No events

Events (0 events):
No events


Dynamic libraries:
00400000-00401000 r-xp 00000000 00:21 1389                               /vagrant/lib/jdk1.8.0_51/bin/java
00600000-00601000 rw-p 00000000 00:21 1389                               /vagrant/lib/jdk1.8.0_51/bin/java
01cdd000-01cfe000 rw-p 00000000 00:00 0                                  [heap]
c0000000-d5550000 rw-p 00000000 00:00 0 
7f0d5c000000-7f0d5c270000 rwxp 00000000 00:00 0 
7f0d5c270000-7f0d64000000 ---p 00000000 00:00 0 
7f0d64000000-7f0d64033000 rw-p 00000000 00:00 0 
7f0d64033000-7f0d68000000 ---p 00000000 00:00 0 
7f0d6a35b000-7f0d6a68a000 rw-p 00000000 00:00 0 
7f0d6a68a000-7f0d6a7df000 ---p 00000000 00:00 0 
7f0d6a7df000-7f0d6a7ea000 rw-p 00000000 00:00 0 
7f0d6a7ea000-7f0d6a9e0000 ---p 00000000 00:00 0 
7f0d6a9e0000-7f0d6a9fa000 r-xp 00000000 00:21 1403                       /vagrant/lib/jdk1.8.0_51/jre/lib/amd64/libzip.so
7f0d6a9fa000-7f0d6abfa000 ---p 0001a000 00:21 1403                       /vagrant/lib/jdk1.8.0_51/jre/lib/amd64/libzip.so
7f0d6abfa000-7f0d6abfb000 rw-p 0001a000 00:21 1403                       /vagrant/lib/jdk1.8.0_51/jre/lib/amd64/libzip.so
7f0d6abfb000-7f0d6ac06000 r-xp 00000000 08:01 538569                     /lib/x86_64-linux-gnu/libnss_files-2.19.so
7f0d6ac06000-7f0d6ae05000 ---p 0000b000 08:01 538569                     /lib/x86_64-linux-gnu/libnss_files-2.19.so
7f0d6ae05000-7f0d6ae06000 r--p 0000a000 08:01 538569                     /lib/x86_64-linux-gnu/libnss_files-2.19.so
7f0d6ae06000-7f0d6ae07000 rw-p 0000b000 08:01 538569                     /lib/x86_64-linux-gnu/libnss_files-2.19.so
7f0d6ae07000-7f0d6ae11000 r-xp 00000000 08:01 538570                     /lib/x86_64-linux-gnu/libnss_nis-2.19.so
7f0d6ae11000-7f0d6b010000 ---p 0000a000 08:01 538570                     /lib/x86_64-linux-gnu/libnss_nis-2.19.so
7f0d6b010000-7f0d6b011000 r--p 00009000 08:01 538570                     /lib/x86_64-linux-gnu/libnss_nis-2.19.so
7f0d6b011000-7f0d6b012000 rw-p 0000a000 08:01 538570                     /lib/x86_64-linux-gnu/libnss_nis-2.19.so
7f0d6b012000-7f0d6b027000 r-xp 00000000 08:01 538586                     /lib/x86_64-linux-gnu/libnsl-2.19.so
7f0d6b027000-7f0d6b226000 ---p 00015000 08:01 538586                     /lib/x86_64-linux-gnu/libnsl-2.19.so
7f0d6b226000-7f0d6b227000 r--p 00014000 08:01 538586                     /lib/x86_64-linux-gnu/libnsl-2.19.so
7f0d6b227000-7f0d6b228000 rw-p 00015000 08:01 538586                     /lib/x86_64-linux-gnu/libnsl-2.19.so
7f0d6b228000-7f0d6b22a000 rw-p 00000000 00:00 0 
7f0d6b22a000-7f0d6b231000 r-xp 00000000 08:01 538578                     /lib/x86_64-linux-gnu/libnss_compat-2.19.so
7f0d6b231000-7f0d6b430000 ---p 00007000 08:01 538578                     /lib/x86_64-linux-gnu/libnss_compat-2.19.so
7f0d6b430000-7f0d6b431000 r--p 00006000 08:01 538578                     /lib/x86_64-linux-gnu/libnss_compat-2.19.so
7f0d6b431000-7f0d6b432000 rw-p 00007000 08:01 538578                     /lib/x86_64-linux-gnu/libnss_compat-2.19.so
7f0d6b432000-7f0d6b45c000 r-xp 00000000 00:21 1397                       /vagrant/lib/jdk1.8.0_51/jre/lib/amd64/libjava.so
7f0d6b45c000-7f0d6b65c000 ---p 0002a000 00:21 1397                       /vagrant/lib/jdk1.8.0_51/jre/lib/amd64/libjava.so
7f0d6b65c000-7f0d6b65e000 rw-p 0002a000 00:21 1397                       /vagrant/lib/jdk1.8.0_51/jre/lib/amd64/libjava.so
7f0d6b65e000-7f0d6b66b000 r-xp 00000000 00:21 1401                       /vagrant/lib/jdk1.8.0_51/jre/lib/amd64/libverify.so
7f0d6b66b000-7f0d6b86b000 ---p 0000d000 00:21 1401                       /vagrant/lib/jdk1.8.0_51/jre/lib/amd64/libverify.so
7f0d6b86b000-7f0d6b86d000 rw-p 0000d000 00:21 1401                       /vagrant/lib/jdk1.8.0_51/jre/lib/amd64/libverify.so
7f0d6b86d000-7f0d6b874000 r-xp 00000000 08:01 538576                     /lib/x86_64-linux-gnu/librt-2.19.so
7f0d6b874000-7f0d6ba73000 ---p 00007000 08:01 538576                     /lib/x86_64-linux-gnu/librt-2.19.so
7f0d6ba73000-7f0d6ba74000 r--p 00006000 08:01 538576                     /lib/x86_64-linux-gnu/librt-2.19.so
7f0d6ba74000-7f0d6ba75000 rw-p 00007000 08:01 538576                     /lib/x86_64-linux-gnu/librt-2.19.so
7f0d6ba75000-7f0d6bb75000 r-xp 00000000 08:01 538581                     /lib/x86_64-linux-gnu/libm-2.19.so
7f0d6bb75000-7f0d6bd74000 ---p 00100000 08:01 538581                     /lib/x86_64-linux-gnu/libm-2.19.so
7f0d6bd74000-7f0d6bd75000 r--p 000ff000 08:01 538581                     /lib/x86_64-linux-gnu/libm-2.19.so
7f0d6bd75000-7f0d6bd76000 rw-p 00100000 08:01 538581                     /lib/x86_64-linux-gnu/libm-2.19.so
7f0d6bd76000-7f0d6ca24000 r-xp 00000000 00:21 1400                       /vagrant/lib/jdk1.8.0_51/jre/lib/amd64/server/libjvm.so
7f0d6ca24000-7f0d6cc24000 ---p 00cae000 00:21 1400                       /vagrant/lib/jdk1.8.0_51/jre/lib/amd64/server/libjvm.so
7f0d6cc24000-7f0d6ccfb000 rw-p 00cae000 00:21 1400                       /vagrant/lib/jdk1.8.0_51/jre/lib/amd64/server/libjvm.so
7f0d6ccfb000-7f0d6cd3f000 rw-p 00000000 00:00 0 
7f0d6cd3f000-7f0d6cede000 r-xp 00000000 08:01 538582                     /lib/x86_64-linux-gnu/libc-2.19.so
7f0d6cede000-7f0d6d0de000 ---p 0019f000 08:01 538582                     /lib/x86_64-linux-gnu/libc-2.19.so
7f0d6d0de000-7f0d6d0e2000 r--p 0019f000 08:01 538582                     /lib/x86_64-linux-gnu/libc-2.19.so
7f0d6d0e2000-7f0d6d0e4000 rw-p 001a3000 08:01 538582                     /lib/x86_64-linux-gnu/libc-2.19.so
7f0d6d0e4000-7f0d6d0e8000 rw-p 00000000 00:00 0 
7f0d6d0e8000-7f0d6d0eb000 r-xp 00000000 08:01 538567                     /lib/x86_64-linux-gnu/libdl-2.19.so
7f0d6d0eb000-7f0d6d2ea000 ---p 00003000 08:01 538567                     /lib/x86_64-linux-gnu/libdl-2.19.so
7f0d6d2ea000-7f0d6d2eb000 r--p 00002000 08:01 538567                     /lib/x86_64-linux-gnu/libdl-2.19.so
7f0d6d2eb000-7f0d6d2ec000 rw-p 00003000 08:01 538567                     /lib/x86_64-linux-gnu/libdl-2.19.so
7f0d6d2ec000-7f0d6d301000 r-xp 00000000 00:21 1393                       /vagrant/lib/jdk1.8.0_51/lib/amd64/jli/libjli.so
7f0d6d301000-7f0d6d501000 ---p 00015000 00:21 1393                       /vagrant/lib/jdk1.8.0_51/lib/amd64/jli/libjli.so
7f0d6d501000-7f0d6d502000 rw-p 00015000 00:21 1393                       /vagrant/lib/jdk1.8.0_51/lib/amd64/jli/libjli.so
7f0d6d502000-7f0d6d51a000 r-xp 00000000 08:01 538575                     /lib/x86_64-linux-gnu/libpthread-2.19.so
7f0d6d51a000-7f0d6d719000 ---p 00018000 08:01 538575                     /lib/x86_64-linux-gnu/libpthread-2.19.so
7f0d6d719000-7f0d6d71a000 r--p 00017000 08:01 538575                     /lib/x86_64-linux-gnu/libpthread-2.19.so
7f0d6d71a000-7f0d6d71b000 rw-p 00018000 08:01 538575                     /lib/x86_64-linux-gnu/libpthread-2.19.so
7f0d6d71b000-7f0d6d71f000 rw-p 00000000 00:00 0 
7f0d6d71f000-7f0d6d73f000 r-xp 00000000 08:01 538565                     /lib/x86_64-linux-gnu/ld-2.19.so
7f0d6d828000-7f0d6d830000 rw-s 00000000 08:01 604393                     /tmp/hsperfdata_vagrant/6484
7f0d6d830000-7f0d6d833000 ---p 00000000 00:00 0 
7f0d6d833000-7f0d6d935000 rw-p 00000000 00:00 0                          [stack:6485]
7f0d6d938000-7f0d6d93c000 rw-p 00000000 00:00 0 
7f0d6d93c000-7f0d6d93d000 r--p 00000000 00:00 0 
7f0d6d93d000-7f0d6d93f000 rw-p 00000000 00:00 0 
7f0d6d93f000-7f0d6d940000 r--p 00020000 08:01 538565                     /lib/x86_64-linux-gnu/ld-2.19.so
7f0d6d940000-7f0d6d941000 rw-p 00021000 08:01 538565                     /lib/x86_64-linux-gnu/ld-2.19.so
7f0d6d941000-7f0d6d942000 rw-p 00000000 00:00 0 
7fff03920000-7fff03941000 rw-p 00000000 00:00 0                          [stack]
7fff039bc000-7fff039be000 r-xp 00000000 00:00 0                          [vdso]
7fff039be000-7fff039c0000 r--p 00000000 00:00 0                          [vvar]
ffffffffff600000-ffffffffff601000 r-xp 00000000 00:00 0                  [vsyscall]

VM Arguments:
jvm_args: -Xms1024m -Xmx1024m -XX:ReservedCodeCacheSize=128m -XX:MaxMetaspaceSize=256m 
java_command: /vagrant/lib/sbt/bin/sbt-launch.jar assembly
java_class_path (initial): /vagrant/lib/sbt/bin/sbt-launch.jar
Launcher Type: SUN_STANDARD

Environment Variables:
JAVA_HOME=/vagrant/lib/jdk1.8.0_51
PATH=/vagrant/lib/sbt/bin:/vagrant/lib/jdk1.8.0_51/bin:/vagrant/lib/scala-2.11.7/bin:/usr/local/bin:/usr/bin:/bin:/usr/local/games:/usr/games
SHELL=/bin/bash

Signal Handlers:
SIGSEGV: [libjvm.so+0xaad540], sa_mask[0]=11111111011111111101111111111110, sa_flags=SA_RESTART|SA_SIGINFO
SIGBUS: [libjvm.so+0xaad540], sa_mask[0]=11111111011111111101111111111110, sa_flags=SA_RESTART|SA_SIGINFO
SIGFPE: [libjvm.so+0x90b6b0], sa_mask[0]=11111111011111111101111111111110, sa_flags=SA_RESTART|SA_SIGINFO
SIGPIPE: [libjvm.so+0x90b6b0], sa_mask[0]=11111111011111111101111111111110, sa_flags=SA_RESTART|SA_SIGINFO
SIGXFSZ: [libjvm.so+0x90b6b0], sa_mask[0]=11111111011111111101111111111110, sa_flags=SA_RESTART|SA_SIGINFO
SIGILL: [libjvm.so+0x90b6b0], sa_mask[0]=11111111011111111101111111111110, sa_flags=SA_RESTART|SA_SIGINFO
SIGUSR1: SIG_DFL, sa_mask[0]=00000000000000000000000000000000, sa_flags=none
SIGUSR2: [libjvm.so+0x90ccf0], sa_mask[0]=00000000000000000000000000000000, sa_flags=SA_RESTART|SA_SIGINFO
SIGHUP: SIG_DFL, sa_mask[0]=00000000000000000000000000000000, sa_flags=none
SIGINT: SIG_DFL, sa_mask[0]=00000000000000000000000000000000, sa_flags=none
SIGTERM: SIG_DFL, sa_mask[0]=00000000000000000000000000000000, sa_flags=none
SIGQUIT: SIG_DFL, sa_mask[0]=00000000000000000000000000000000, sa_flags=none


---------------  S Y S T E M  ---------------

OS:PRETTY_NAME="Debian GNU/Linux 8 (jessie)"
NAME="Debian GNU/Linux"
VERSION_ID="8"
VERSION="8 (jessie)"
ID=debian
HOME_URL="http://www.debian.org/"
SUPPORT_URL="http://www.debian.org/support/"
BUG_REPORT_URL="https://bugs.debian.org/"

uname:Linux 3.16.0-4-amd64 #1 SMP Debian 3.16.7-ckt9-2 (2015-04-13) x86_64
libc:glibc 2.19 NPTL 2.19 
rlimit: STACK 8192k, CORE 0k, NPROC 1405, NOFILE 65536, AS infinity
load average:2.52 1.53 0.74

/proc/meminfo:
MemTotal:         377292 kB
MemFree:          251644 kB
MemAvailable:     286240 kB
Buffers:            4444 kB
Cached:            30132 kB
SwapCached:         3676 kB
Active:            26752 kB
Inactive:          54236 kB
Active(anon):      13188 kB
Inactive(anon):    34216 kB
Active(file):      13564 kB
Inactive(file):    20020 kB
Unevictable:           0 kB
Mlocked:               0 kB
SwapTotal:        473084 kB
SwapFree:         171084 kB
Dirty:                56 kB
Writeback:          4592 kB
AnonPages:         42828 kB
Mapped:            22524 kB
Shmem:               984 kB
Slab:              25392 kB
SReclaimable:      10168 kB
SUnreclaim:        15224 kB
KernelStack:        1952 kB
PageTables:         4280 kB
NFS_Unstable:          0 kB
Bounce:                0 kB
WritebackTmp:          0 kB
CommitLimit:      661728 kB
Committed_AS:     941072 kB
VmallocTotal:   34359738367 kB
VmallocUsed:       15756 kB
VmallocChunk:   34359719416 kB
HardwareCorrupted:     0 kB
AnonHugePages:         0 kB
HugePages_Total:       0
HugePages_Free:        0
HugePages_Rsvd:        0
HugePages_Surp:        0
Hugepagesize:       2048 kB
DirectMap4k:       47040 kB
DirectMap2M:      346112 kB


CPU:total 1 (1 cores per cpu, 1 threads per core) family 6 model 60 stepping 3, cmov, cx8, fxsr, mmx, sse, sse2, sse3, ssse3, tsc

/proc/cpuinfo:
processor	: 0
vendor_id	: GenuineIntel
cpu family	: 6
model		: 60
model name	: Intel(R) Core(TM) i5-4590 CPU @ 3.30GHz
stepping	: 3
microcode	: 0x19
cpu MHz		: 3280.358
cache size	: 6144 KB
physical id	: 0
siblings	: 1
core id		: 0
cpu cores	: 1
apicid		: 0
initial apicid	: 0
fpu		: yes
fpu_exception	: yes
cpuid level	: 5
wp		: yes
flags		: fpu vme de pse tsc msr pae mce cx8 apic sep mtrr pge mca cmov pat pse36 clflush mmx fxsr sse sse2 syscall nx rdtscp lm constant_tsc rep_good nopl pni monitor ssse3 lahf_lm
bogomips	: 6560.71
clflush size	: 64
cache_alignment	: 64
address sizes	: 39 bits physical, 48 bits virtual
power management:



Memory: 4k page, physical 377292k(251512k free), swap 473084k(171212k free)

vm_info: Java HotSpot(TM) 64-Bit Server VM (25.51-b03) for linux-amd64 JRE (1.8.0_51-b16), built on Jun  8 2015 19:28:07 by "java_re" with gcc 4.3.0 20080428 (Red Hat 4.3.0-8)

time: Tue Sep 15 15:12:34 2015
elapsed time: 0 seconds (0d 0h 0m 0s)

