This file contains any messages produced by compilers while
running configure, to aid debugging if configure makes a mistake.

It was created by jzmq configure 4.0.0, which was
generated by GNU Autoconf 2.69.  Invocation command line was

  $ ./configure --prefix=/home/paul/.local

## --------- ##
## Platform. ##
## --------- ##

hostname = lynks-home
uname -m = x86_64
uname -r = 3.16.0-4-amd64
uname -s = Linux
uname -v = #1 SMP Debian 3.16.7-ckt20-1+deb8u4 (2016-02-29)

/usr/bin/uname -p = unknown
/bin/uname -X     = unknown

/bin/arch              = unknown
/usr/bin/arch -k       = unknown
/usr/convex/getsysinfo = unknown
/usr/bin/hostinfo      = unknown
/bin/machine           = unknown
/usr/bin/oslevel       = unknown
/bin/universe          = unknown

PATH: /home/paul/lib/scala-2.11.7/bin
PATH: /home/paul/bin
PATH: /usr/local/bin
PATH: /usr/bin
PATH: /bin
PATH: /usr/local/games
PATH: /usr/games
PATH: /home/paul/install/pyroom
PATH: /home/paul/install/android-studio/bin
PATH: /home/paul/install/gradle-2.3/bin
PATH: /home/paul/install/activator-1.3.2
PATH: /home/paul/bin
PATH: /home/paul/opt/idea-IC-141.1532.4/bin
PATH: /home/paul/opt/sbt/bin
PATH: /home/paul/opt/jre1.8.0_60/bin
PATH: /home/paul/.local/bin
PATH: /home/paul/opt/sublime_text_3/bin


## ----------- ##
## Core tests. ##
## ----------- ##

configure:2482: checking for a BSD-compatible install
configure:2550: result: /usr/bin/install -c
configure:2561: checking whether build environment is sane
configure:2616: result: yes
configure:2767: checking for a thread-safe mkdir -p
configure:2806: result: /bin/mkdir -p
configure:2813: checking for gawk
configure:2829: found /usr/bin/gawk
configure:2840: result: gawk
configure:2851: checking whether make sets $(MAKE)
configure:2873: result: yes
configure:2902: checking whether make supports nested variables
configure:2919: result: yes
configure:3008: checking whether UID '1000' is supported by ustar format
configure:3011: result: yes
configure:3018: checking whether GID '1000' is supported by ustar format
configure:3021: result: yes
configure:3029: checking how to create a ustar tar archive
configure:3040: tar --version
tar (GNU tar) 1.27.1
Copyright (C) 2013 Free Software Foundation, Inc.
License GPLv3+: GNU GPL version 3 or later <http://gnu.org/licenses/gpl.html>.
This is free software: you are free to change and redistribute it.
There is NO WARRANTY, to the extent permitted by law.

Written by John Gilmore and Jay Fenlason.
configure:3043: $? = 0
configure:3083: tardir=conftest.dir && eval tar --format=ustar -chf - "$tardir" >conftest.tar
configure:3086: $? = 0
configure:3090: tar -xf - <conftest.tar
configure:3093: $? = 0
configure:3095: cat conftest.dir/file
GrepMe
configure:3098: $? = 0
configure:3111: result: gnutar
configure:3203: checking build system type
configure:3217: result: x86_64-unknown-linux-gnu
configure:3237: checking host system type
configure:3250: result: x86_64-unknown-linux-gnu
configure:3291: checking how to print strings
configure:3318: result: printf
configure:3351: checking for style of include used by make
configure:3379: result: GNU
configure:3450: checking for gcc
configure:3466: found /usr/bin/gcc
configure:3477: result: gcc
configure:3706: checking for C compiler version
configure:3715: gcc --version >&5
gcc (Debian 4.9.2-10) 4.9.2
Copyright (C) 2014 Free Software Foundation, Inc.
This is free software; see the source for copying conditions.  There is NO
warranty; not even for MERCHANTABILITY or FITNESS FOR A PARTICULAR PURPOSE.

configure:3726: $? = 0
configure:3715: gcc -v >&5
Using built-in specs.
COLLECT_GCC=gcc
COLLECT_LTO_WRAPPER=/usr/lib/gcc/x86_64-linux-gnu/4.9/lto-wrapper
Target: x86_64-linux-gnu
Configured with: ../src/configure -v --with-pkgversion='Debian 4.9.2-10' --with-bugurl=file:///usr/share/doc/gcc-4.9/README.Bugs --enable-languages=c,c++,java,go,d,fortran,objc,obj-c++ --prefix=/usr --program-suffix=-4.9 --enable-shared --enable-linker-build-id --libexecdir=/usr/lib --without-included-gettext --enable-threads=posix --with-gxx-include-dir=/usr/include/c++/4.9 --libdir=/usr/lib --enable-nls --with-sysroot=/ --enable-clocale=gnu --enable-libstdcxx-debug --enable-libstdcxx-time=yes --enable-gnu-unique-object --disable-vtable-verify --enable-plugin --with-system-zlib --disable-browser-plugin --enable-java-awt=gtk --enable-gtk-cairo --with-java-home=/usr/lib/jvm/java-1.5.0-gcj-4.9-amd64/jre --enable-java-home --with-jvm-root-dir=/usr/lib/jvm/java-1.5.0-gcj-4.9-amd64 --with-jvm-jar-dir=/usr/lib/jvm-exports/java-1.5.0-gcj-4.9-amd64 --with-arch-directory=amd64 --with-ecj-jar=/usr/share/java/eclipse-ecj.jar --enable-objc-gc --enable-multiarch --with-arch-32=i586 --with-abi=m64 --with-multilib-list=m32,m64,mx32 --enable-multilib --with-tune=generic --enable-checking=release --build=x86_64-linux-gnu --host=x86_64-linux-gnu --target=x86_64-linux-gnu
Thread model: posix
gcc version 4.9.2 (Debian 4.9.2-10) 
configure:3726: $? = 0
configure:3715: gcc -V >&5
gcc: error: unrecognized command line option '-V'
gcc: fatal error: no input files
compilation terminated.
configure:3726: $? = 4
configure:3715: gcc -qversion >&5
gcc: error: unrecognized command line option '-qversion'
gcc: fatal error: no input files
compilation terminated.
configure:3726: $? = 4
configure:3746: checking whether the C compiler works
configure:3768: gcc    conftest.c  >&5
configure:3772: $? = 0
configure:3820: result: yes
configure:3823: checking for C compiler default output file name
configure:3825: result: a.out
configure:3831: checking for suffix of executables
configure:3838: gcc -o conftest    conftest.c  >&5
configure:3842: $? = 0
configure:3864: result: 
configure:3886: checking whether we are cross compiling
configure:3894: gcc -o conftest    conftest.c  >&5
configure:3898: $? = 0
configure:3905: ./conftest
configure:3909: $? = 0
configure:3924: result: no
configure:3929: checking for suffix of object files
configure:3951: gcc -c   conftest.c >&5
configure:3955: $? = 0
configure:3976: result: o
configure:3980: checking whether we are using the GNU C compiler
configure:3999: gcc -c   conftest.c >&5
configure:3999: $? = 0
configure:4008: result: yes
configure:4017: checking whether gcc accepts -g
configure:4037: gcc -c -g  conftest.c >&5
configure:4037: $? = 0
configure:4078: result: yes
configure:4095: checking for gcc option to accept ISO C89
configure:4158: gcc  -c -g -O2  conftest.c >&5
configure:4158: $? = 0
configure:4171: result: none needed
configure:4196: checking whether gcc understands -c and -o together
configure:4218: gcc -c conftest.c -o conftest2.o
configure:4221: $? = 0
configure:4218: gcc -c conftest.c -o conftest2.o
configure:4221: $? = 0
configure:4233: result: yes
configure:4252: checking dependency style of gcc
configure:4363: result: gcc3
configure:4378: checking for a sed that does not truncate output
configure:4442: result: /bin/sed
configure:4460: checking for grep that handles long lines and -e
configure:4518: result: /bin/grep
configure:4523: checking for egrep
configure:4585: result: /bin/grep -E
configure:4590: checking for fgrep
configure:4652: result: /bin/grep -F
configure:4687: checking for ld used by gcc
configure:4754: result: /usr/bin/ld
configure:4761: checking if the linker (/usr/bin/ld) is GNU ld
configure:4776: result: yes
configure:4788: checking for BSD- or MS-compatible name lister (nm)
configure:4837: result: /usr/bin/nm -B
configure:4967: checking the name lister (/usr/bin/nm -B) interface
configure:4974: gcc -c -g -O2  conftest.c >&5
configure:4977: /usr/bin/nm -B "conftest.o"
configure:4980: output
0000000000000000 B some_variable
configure:4987: result: BSD nm
configure:4990: checking whether ln -s works
configure:4994: result: yes
configure:5002: checking the maximum length of command line arguments
configure:5133: result: 1572864
configure:5150: checking whether the shell understands some XSI constructs
configure:5160: result: yes
configure:5164: checking whether the shell understands "+="
configure:5170: result: yes
configure:5205: checking how to convert x86_64-unknown-linux-gnu file names to x86_64-unknown-linux-gnu format
configure:5245: result: func_convert_file_noop
configure:5252: checking how to convert x86_64-unknown-linux-gnu file names to toolchain format
configure:5272: result: func_convert_file_noop
configure:5279: checking for /usr/bin/ld option to reload object files
configure:5286: result: -r
configure:5360: checking for objdump
configure:5376: found /usr/bin/objdump
configure:5387: result: objdump
configure:5419: checking how to recognize dependent libraries
configure:5617: result: pass_all
configure:5702: checking for dlltool
configure:5732: result: no
configure:5762: checking how to associate runtime and link libraries
configure:5789: result: printf %s\n
configure:5850: checking for ar
configure:5866: found /usr/bin/ar
configure:5877: result: ar
configure:5914: checking for archiver @FILE support
configure:5931: gcc -c -g -O2  conftest.c >&5
configure:5931: $? = 0
configure:5934: ar cru libconftest.a @conftest.lst >&5
configure:5937: $? = 0
configure:5942: ar cru libconftest.a @conftest.lst >&5
ar: conftest.o: No such file or directory
configure:5945: $? = 1
configure:5957: result: @
configure:6015: checking for strip
configure:6031: found /usr/bin/strip
configure:6042: result: strip
configure:6114: checking for ranlib
configure:6130: found /usr/bin/ranlib
configure:6141: result: ranlib
configure:6243: checking command to parse /usr/bin/nm -B output from gcc object
configure:6363: gcc -c -g -O2  conftest.c >&5
configure:6366: $? = 0
configure:6370: /usr/bin/nm -B conftest.o \| sed -n -e 's/^.*[ ]\([ABCDGIRSTW][ABCDGIRSTW]*\)[ ][ ]*\([_A-Za-z][_A-Za-z0-9]*\)$/\1 \2 \2/p' | sed '/ __gnu_lto/d' \> conftest.nm
configure:6373: $? = 0
configure:6439: gcc -o conftest -g -O2   conftest.c conftstm.o >&5
configure:6442: $? = 0
configure:6480: result: ok
configure:6517: checking for sysroot
configure:6547: result: no
configure:6624: gcc -c -g -O2  conftest.c >&5
configure:6627: $? = 0
configure:6816: checking for mt
configure:6832: found /bin/mt
configure:6843: result: mt
configure:6866: checking if mt is a manifest tool
configure:6872: mt '-?'
configure:6880: result: no
configure:7522: checking how to run the C preprocessor
configure:7553: gcc -E  conftest.c
configure:7553: $? = 0
configure:7567: gcc -E  conftest.c
conftest.c:11:28: fatal error: ac_nonexistent.h: No such file or directory
 #include <ac_nonexistent.h>
                            ^
compilation terminated.
configure:7567: $? = 1
configure: failed program was:
| /* confdefs.h */
| #define PACKAGE_NAME "jzmq"
| #define PACKAGE_TARNAME "jzmq"
| #define PACKAGE_VERSION "4.0.0"
| #define PACKAGE_STRING "jzmq 4.0.0"
| #define PACKAGE_BUGREPORT "zeromq-dev@lists.zeromq.org"
| #define PACKAGE_URL ""
| #define PACKAGE "jzmq"
| #define VERSION "4.0.0"
| /* end confdefs.h.  */
| #include <ac_nonexistent.h>
configure:7592: result: gcc -E
configure:7612: gcc -E  conftest.c
configure:7612: $? = 0
configure:7626: gcc -E  conftest.c
conftest.c:11:28: fatal error: ac_nonexistent.h: No such file or directory
 #include <ac_nonexistent.h>
                            ^
compilation terminated.
configure:7626: $? = 1
configure: failed program was:
| /* confdefs.h */
| #define PACKAGE_NAME "jzmq"
| #define PACKAGE_TARNAME "jzmq"
| #define PACKAGE_VERSION "4.0.0"
| #define PACKAGE_STRING "jzmq 4.0.0"
| #define PACKAGE_BUGREPORT "zeromq-dev@lists.zeromq.org"
| #define PACKAGE_URL ""
| #define PACKAGE "jzmq"
| #define VERSION "4.0.0"
| /* end confdefs.h.  */
| #include <ac_nonexistent.h>
configure:7655: checking for ANSI C header files
configure:7675: gcc -c -g -O2  conftest.c >&5
configure:7675: $? = 0
configure:7748: gcc -o conftest -g -O2   conftest.c  >&5
configure:7748: $? = 0
configure:7748: ./conftest
configure:7748: $? = 0
configure:7759: result: yes
configure:7772: checking for sys/types.h
configure:7772: gcc -c -g -O2  conftest.c >&5
configure:7772: $? = 0
configure:7772: result: yes
configure:7772: checking for sys/stat.h
configure:7772: gcc -c -g -O2  conftest.c >&5
configure:7772: $? = 0
configure:7772: result: yes
configure:7772: checking for stdlib.h
configure:7772: gcc -c -g -O2  conftest.c >&5
configure:7772: $? = 0
configure:7772: result: yes
configure:7772: checking for string.h
configure:7772: gcc -c -g -O2  conftest.c >&5
configure:7772: $? = 0
configure:7772: result: yes
configure:7772: checking for memory.h
configure:7772: gcc -c -g -O2  conftest.c >&5
configure:7772: $? = 0
configure:7772: result: yes
configure:7772: checking for strings.h
configure:7772: gcc -c -g -O2  conftest.c >&5
configure:7772: $? = 0
configure:7772: result: yes
configure:7772: checking for inttypes.h
configure:7772: gcc -c -g -O2  conftest.c >&5
configure:7772: $? = 0
configure:7772: result: yes
configure:7772: checking for stdint.h
configure:7772: gcc -c -g -O2  conftest.c >&5
configure:7772: $? = 0
configure:7772: result: yes
configure:7772: checking for unistd.h
configure:7772: gcc -c -g -O2  conftest.c >&5
configure:7772: $? = 0
configure:7772: result: yes
configure:7786: checking for dlfcn.h
configure:7786: gcc -c -g -O2  conftest.c >&5
configure:7786: $? = 0
configure:7786: result: yes
configure:7992: checking for objdir
configure:8007: result: .libs
configure:8278: checking if gcc supports -fno-rtti -fno-exceptions
configure:8296: gcc -c -g -O2  -fno-rtti -fno-exceptions conftest.c >&5
cc1: warning: command line option '-fno-rtti' is valid for C++/ObjC++ but not for C
configure:8300: $? = 0
configure:8313: result: no
configure:8640: checking for gcc option to produce PIC
configure:8647: result: -fPIC -DPIC
configure:8655: checking if gcc PIC flag -fPIC -DPIC works
configure:8673: gcc -c -g -O2  -fPIC -DPIC -DPIC conftest.c >&5
configure:8677: $? = 0
configure:8690: result: yes
configure:8719: checking if gcc static flag -static works
configure:8747: result: yes
configure:8762: checking if gcc supports -c -o file.o
configure:8783: gcc -c -g -O2  -o out/conftest2.o conftest.c >&5
configure:8787: $? = 0
configure:8809: result: yes
configure:8817: checking if gcc supports -c -o file.o
configure:8864: result: yes
configure:8897: checking whether the gcc linker (/usr/bin/ld -m elf_x86_64) supports shared libraries
configure:10054: result: yes
configure:10091: checking whether -lc should be explicitly linked in
configure:10099: gcc -c -g -O2  conftest.c >&5
configure:10102: $? = 0
configure:10117: gcc -shared  -fPIC -DPIC conftest.o  -v -Wl,-soname -Wl,conftest -o conftest 2\>\&1 \| /bin/grep  -lc  \>/dev/null 2\>\&1
configure:10120: $? = 0
configure:10134: result: no
configure:10294: checking dynamic linker characteristics
configure:10794: gcc -o conftest -g -O2   -Wl,-rpath -Wl,/foo conftest.c  >&5
configure:10794: $? = 0
configure:11028: result: GNU/Linux ld.so
configure:11135: checking how to hardcode library paths into programs
configure:11160: result: immediate
configure:11700: checking whether stripping libraries is possible
configure:11705: result: yes
configure:11740: checking if libtool supports shared libraries
configure:11742: result: yes
configure:11745: checking whether to build shared libraries
configure:11766: result: yes
configure:11769: checking whether to build static libraries
configure:11773: result: yes
configure:11816: checking for gawk
configure:11843: result: gawk
configure:11913: checking for g++
configure:11929: found /usr/bin/g++
configure:11940: result: g++
configure:11967: checking for C++ compiler version
configure:11976: g++ --version >&5
g++ (Debian 4.9.2-10) 4.9.2
Copyright (C) 2014 Free Software Foundation, Inc.
This is free software; see the source for copying conditions.  There is NO
warranty; not even for MERCHANTABILITY or FITNESS FOR A PARTICULAR PURPOSE.

configure:11987: $? = 0
configure:11976: g++ -v >&5
Using built-in specs.
COLLECT_GCC=g++
COLLECT_LTO_WRAPPER=/usr/lib/gcc/x86_64-linux-gnu/4.9/lto-wrapper
Target: x86_64-linux-gnu
Configured with: ../src/configure -v --with-pkgversion='Debian 4.9.2-10' --with-bugurl=file:///usr/share/doc/gcc-4.9/README.Bugs --enable-languages=c,c++,java,go,d,fortran,objc,obj-c++ --prefix=/usr --program-suffix=-4.9 --enable-shared --enable-linker-build-id --libexecdir=/usr/lib --without-included-gettext --enable-threads=posix --with-gxx-include-dir=/usr/include/c++/4.9 --libdir=/usr/lib --enable-nls --with-sysroot=/ --enable-clocale=gnu --enable-libstdcxx-debug --enable-libstdcxx-time=yes --enable-gnu-unique-object --disable-vtable-verify --enable-plugin --with-system-zlib --disable-browser-plugin --enable-java-awt=gtk --enable-gtk-cairo --with-java-home=/usr/lib/jvm/java-1.5.0-gcj-4.9-amd64/jre --enable-java-home --with-jvm-root-dir=/usr/lib/jvm/java-1.5.0-gcj-4.9-amd64 --with-jvm-jar-dir=/usr/lib/jvm-exports/java-1.5.0-gcj-4.9-amd64 --with-arch-directory=amd64 --with-ecj-jar=/usr/share/java/eclipse-ecj.jar --enable-objc-gc --enable-multiarch --with-arch-32=i586 --with-abi=m64 --with-multilib-list=m32,m64,mx32 --enable-multilib --with-tune=generic --enable-checking=release --build=x86_64-linux-gnu --host=x86_64-linux-gnu --target=x86_64-linux-gnu
Thread model: posix
gcc version 4.9.2 (Debian 4.9.2-10) 
configure:11987: $? = 0
configure:11976: g++ -V >&5
g++: error: unrecognized command line option '-V'
g++: fatal error: no input files
compilation terminated.
configure:11987: $? = 4
configure:11976: g++ -qversion >&5
g++: error: unrecognized command line option '-qversion'
g++: fatal error: no input files
compilation terminated.
configure:11987: $? = 4
configure:11991: checking whether we are using the GNU C++ compiler
configure:12010: g++ -c   conftest.cpp >&5
configure:12010: $? = 0
configure:12019: result: yes
configure:12028: checking whether g++ accepts -g
configure:12048: g++ -c -g  conftest.cpp >&5
configure:12048: $? = 0
configure:12089: result: yes
configure:12114: checking dependency style of g++
configure:12225: result: gcc3
configure:12258: checking how to run the C++ preprocessor
configure:12285: g++ -E  conftest.cpp
configure:12285: $? = 0
configure:12299: g++ -E  conftest.cpp
conftest.cpp:23:28: fatal error: ac_nonexistent.h: No such file or directory
 #include <ac_nonexistent.h>
                            ^
compilation terminated.
configure:12299: $? = 1
configure: failed program was:
| /* confdefs.h */
| #define PACKAGE_NAME "jzmq"
| #define PACKAGE_TARNAME "jzmq"
| #define PACKAGE_VERSION "4.0.0"
| #define PACKAGE_STRING "jzmq 4.0.0"
| #define PACKAGE_BUGREPORT "zeromq-dev@lists.zeromq.org"
| #define PACKAGE_URL ""
| #define PACKAGE "jzmq"
| #define VERSION "4.0.0"
| #define STDC_HEADERS 1
| #define HAVE_SYS_TYPES_H 1
| #define HAVE_SYS_STAT_H 1
| #define HAVE_STDLIB_H 1
| #define HAVE_STRING_H 1
| #define HAVE_MEMORY_H 1
| #define HAVE_STRINGS_H 1
| #define HAVE_INTTYPES_H 1
| #define HAVE_STDINT_H 1
| #define HAVE_UNISTD_H 1
| #define HAVE_DLFCN_H 1
| #define LT_OBJDIR ".libs/"
| /* end confdefs.h.  */
| #include <ac_nonexistent.h>
configure:12324: result: g++ -E
configure:12344: g++ -E  conftest.cpp
configure:12344: $? = 0
configure:12358: g++ -E  conftest.cpp
conftest.cpp:23:28: fatal error: ac_nonexistent.h: No such file or directory
 #include <ac_nonexistent.h>
                            ^
compilation terminated.
configure:12358: $? = 1
configure: failed program was:
| /* confdefs.h */
| #define PACKAGE_NAME "jzmq"
| #define PACKAGE_TARNAME "jzmq"
| #define PACKAGE_VERSION "4.0.0"
| #define PACKAGE_STRING "jzmq 4.0.0"
| #define PACKAGE_BUGREPORT "zeromq-dev@lists.zeromq.org"
| #define PACKAGE_URL ""
| #define PACKAGE "jzmq"
| #define VERSION "4.0.0"
| #define STDC_HEADERS 1
| #define HAVE_SYS_TYPES_H 1
| #define HAVE_SYS_STAT_H 1
| #define HAVE_STDLIB_H 1
| #define HAVE_STRING_H 1
| #define HAVE_MEMORY_H 1
| #define HAVE_STRINGS_H 1
| #define HAVE_INTTYPES_H 1
| #define HAVE_STDINT_H 1
| #define HAVE_UNISTD_H 1
| #define HAVE_DLFCN_H 1
| #define LT_OBJDIR ".libs/"
| /* end confdefs.h.  */
| #include <ac_nonexistent.h>
configure:12527: checking for ld used by g++
configure:12594: result: /usr/bin/ld -m elf_x86_64
configure:12601: checking if the linker (/usr/bin/ld -m elf_x86_64) is GNU ld
configure:12616: result: yes
configure:12671: checking whether the g++ linker (/usr/bin/ld -m elf_x86_64) supports shared libraries
configure:13673: result: yes
configure:13709: g++ -c -g -O2  conftest.cpp >&5
configure:13712: $? = 0
configure:14232: checking for g++ option to produce PIC
configure:14239: result: -fPIC -DPIC
configure:14247: checking if g++ PIC flag -fPIC -DPIC works
configure:14265: g++ -c -g -O2  -fPIC -DPIC -DPIC conftest.cpp >&5
configure:14269: $? = 0
configure:14282: result: yes
configure:14305: checking if g++ static flag -static works
configure:14333: result: yes
configure:14345: checking if g++ supports -c -o file.o
configure:14366: g++ -c -g -O2  -o out/conftest2.o conftest.cpp >&5
configure:14370: $? = 0
configure:14392: result: yes
configure:14397: checking if g++ supports -c -o file.o
configure:14444: result: yes
configure:14474: checking whether the g++ linker (/usr/bin/ld -m elf_x86_64) supports shared libraries
configure:14513: result: yes
configure:14654: checking dynamic linker characteristics
configure:15322: result: GNU/Linux ld.so
configure:15375: checking how to hardcode library paths into programs
configure:15400: result: immediate
configure:15525: checking for pkg-config
configure:15543: found /usr/bin/pkg-config
configure:15555: result: /usr/bin/pkg-config
configure:15580: checking pkg-config is at least version 0.9.0
configure:15583: result: yes
configure:15593: checking for ZeroMQ
configure:15600: $PKG_CONFIG --exists --print-errors "libzmq"
configure:15603: $? = 0
configure:15617: $PKG_CONFIG --exists --print-errors "libzmq"
configure:15620: $? = 0
configure:15658: result: yes
configure:15683: checking zmq.h usability
configure:15683: g++ -c -g -O2 -D_REENTRANT -D_THREAD_SAFE  -I/usr/local/include  conftest.cpp >&5
configure:15683: $? = 0
configure:15683: result: yes
configure:15683: checking zmq.h presence
configure:15683: g++ -E -D_REENTRANT -D_THREAD_SAFE  -I/usr/local/include  conftest.cpp
configure:15683: $? = 0
configure:15683: result: yes
configure:15683: checking for zmq.h
configure:15683: result: yes
configure:15704: checking for zmq_init in -lzmq
configure:15729: g++ -o conftest -g -O2 -D_REENTRANT -D_THREAD_SAFE  -I/usr/local/include   -L/usr/local/lib -lzmq  conftest.cpp -lzmq   >&5
configure:15729: $? = 0
configure:15738: result: yes
configure:15761: checking for javac
configure:15777: found /usr/bin/javac
configure:15788: result: javac
configure:15807: checking for javah
configure:15823: found /usr/bin/javah
configure:15834: result: javah
configure:15852: checking for jar
configure:15868: found /usr/bin/jar
configure:15879: result: jar
configure:15904: checking for javac
configure:15922: found /usr/bin/javac
configure:15935: result: /usr/bin/javac
configure:15949: checking symlink for /usr/bin/javac
configure:15957: result: /etc/alternatives/javac
configure:15949: checking symlink for /etc/alternatives/javac
configure:15957: result: /usr/lib/jvm/java-7-openjdk-amd64/bin/javac
configure:16015: checking for an ANSI C-conforming const
configure:16081: g++ -c -g -O2 -D_REENTRANT -D_THREAD_SAFE  -I/usr/local/include  -I/usr/lib/jvm/java-7-openjdk-amd64/include -I/usr/lib/jvm/java-7-openjdk-amd64/include/linux conftest.cpp >&5
configure:16081: $? = 0
configure:16088: result: yes
configure:16096: checking for size_t
configure:16096: g++ -c -g -O2 -D_REENTRANT -D_THREAD_SAFE  -I/usr/local/include  -I/usr/lib/jvm/java-7-openjdk-amd64/include -I/usr/lib/jvm/java-7-openjdk-amd64/include/linux conftest.cpp >&5
configure:16096: $? = 0
configure:16096: g++ -c -g -O2 -D_REENTRANT -D_THREAD_SAFE  -I/usr/local/include  -I/usr/lib/jvm/java-7-openjdk-amd64/include -I/usr/lib/jvm/java-7-openjdk-amd64/include/linux conftest.cpp >&5
conftest.cpp: In function 'int main()':
conftest.cpp:59:20: error: expected primary-expression before ')' token
 if (sizeof ((size_t)))
                    ^
configure:16096: $? = 1
configure: failed program was:
| /* confdefs.h */
| #define PACKAGE_NAME "jzmq"
| #define PACKAGE_TARNAME "jzmq"
| #define PACKAGE_VERSION "4.0.0"
| #define PACKAGE_STRING "jzmq 4.0.0"
| #define PACKAGE_BUGREPORT "zeromq-dev@lists.zeromq.org"
| #define PACKAGE_URL ""
| #define PACKAGE "jzmq"
| #define VERSION "4.0.0"
| #define STDC_HEADERS 1
| #define HAVE_SYS_TYPES_H 1
| #define HAVE_SYS_STAT_H 1
| #define HAVE_STDLIB_H 1
| #define HAVE_STRING_H 1
| #define HAVE_MEMORY_H 1
| #define HAVE_STRINGS_H 1
| #define HAVE_INTTYPES_H 1
| #define HAVE_STDINT_H 1
| #define HAVE_UNISTD_H 1
| #define HAVE_DLFCN_H 1
| #define LT_OBJDIR ".libs/"
| /* end confdefs.h.  */
| #include <stdio.h>
| #ifdef HAVE_SYS_TYPES_H
| # include <sys/types.h>
| #endif
| #ifdef HAVE_SYS_STAT_H
| # include <sys/stat.h>
| #endif
| #ifdef STDC_HEADERS
| # include <stdlib.h>
| # include <stddef.h>
| #else
| # ifdef HAVE_STDLIB_H
| #  include <stdlib.h>
| # endif
| #endif
| #ifdef HAVE_STRING_H
| # if !defined STDC_HEADERS && defined HAVE_MEMORY_H
| #  include <memory.h>
| # endif
| # include <string.h>
| #endif
| #ifdef HAVE_STRINGS_H
| # include <strings.h>
| #endif
| #ifdef HAVE_INTTYPES_H
| # include <inttypes.h>
| #endif
| #ifdef HAVE_STDINT_H
| # include <stdint.h>
| #endif
| #ifdef HAVE_UNISTD_H
| # include <unistd.h>
| #endif
| int
| main ()
| {
| if (sizeof ((size_t)))
| 	    return 0;
|   ;
|   return 0;
| }
configure:16096: result: yes
configure:16219: checking that generated files are newer than configure
configure:16225: result: done
configure:16256: creating ./config.status

## ---------------------- ##
## Running config.status. ##
## ---------------------- ##

This file was extended by jzmq config.status 4.0.0, which was
generated by GNU Autoconf 2.69.  Invocation command line was

  CONFIG_FILES    = 
  CONFIG_HEADERS  = 
  CONFIG_LINKS    = 
  CONFIG_COMMANDS = 
  $ ./config.status 

on lynks-home

config.status:1159: creating Makefile
config.status:1159: creating src/main/c++/Makefile
config.status:1159: creating src/main/perf/Makefile
config.status:1159: creating src/main/c++/config.hpp
config.status:1388: executing depfiles commands
config.status:1388: executing libtool commands

## ---------------- ##
## Cache variables. ##
## ---------------- ##

ac_cv_build=x86_64-unknown-linux-gnu
ac_cv_c_compiler_gnu=yes
ac_cv_c_const=yes
ac_cv_cxx_compiler_gnu=yes
ac_cv_env_CCC_set=
ac_cv_env_CCC_value=
ac_cv_env_CC_set=
ac_cv_env_CC_value=
ac_cv_env_CFLAGS_set=
ac_cv_env_CFLAGS_value=
ac_cv_env_CPPFLAGS_set=
ac_cv_env_CPPFLAGS_value=
ac_cv_env_CPP_set=
ac_cv_env_CPP_value=
ac_cv_env_CXXCPP_set=
ac_cv_env_CXXCPP_value=
ac_cv_env_CXXFLAGS_set=
ac_cv_env_CXXFLAGS_value=
ac_cv_env_CXX_set=
ac_cv_env_CXX_value=
ac_cv_env_LDFLAGS_set=
ac_cv_env_LDFLAGS_value=
ac_cv_env_LIBS_set=
ac_cv_env_LIBS_value=
ac_cv_env_PKG_CONFIG_LIBDIR_set=
ac_cv_env_PKG_CONFIG_LIBDIR_value=
ac_cv_env_PKG_CONFIG_PATH_set=
ac_cv_env_PKG_CONFIG_PATH_value=
ac_cv_env_PKG_CONFIG_set=
ac_cv_env_PKG_CONFIG_value=
ac_cv_env_ZeroMQ_CFLAGS_set=
ac_cv_env_ZeroMQ_CFLAGS_value=
ac_cv_env_ZeroMQ_LIBS_set=
ac_cv_env_ZeroMQ_LIBS_value=
ac_cv_env_build_alias_set=
ac_cv_env_build_alias_value=
ac_cv_env_host_alias_set=
ac_cv_env_host_alias_value=
ac_cv_env_target_alias_set=
ac_cv_env_target_alias_value=
ac_cv_header_dlfcn_h=yes
ac_cv_header_inttypes_h=yes
ac_cv_header_memory_h=yes
ac_cv_header_stdc=yes
ac_cv_header_stdint_h=yes
ac_cv_header_stdlib_h=yes
ac_cv_header_string_h=yes
ac_cv_header_strings_h=yes
ac_cv_header_sys_stat_h=yes
ac_cv_header_sys_types_h=yes
ac_cv_header_unistd_h=yes
ac_cv_header_zmq_h=yes
ac_cv_host=x86_64-unknown-linux-gnu
ac_cv_lib_zmq_zmq_init=yes
ac_cv_objext=o
ac_cv_path_EGREP='/bin/grep -E'
ac_cv_path_FGREP='/bin/grep -F'
ac_cv_path_GREP=/bin/grep
ac_cv_path_SED=/bin/sed
ac_cv_path__ACJNI_JAVAC=/usr/bin/javac
ac_cv_path_ac_pt_PKG_CONFIG=/usr/bin/pkg-config
ac_cv_path_install='/usr/bin/install -c'
ac_cv_path_mkdir=/bin/mkdir
ac_cv_prog_AWK=gawk
ac_cv_prog_CPP='gcc -E'
ac_cv_prog_CXXCPP='g++ -E'
ac_cv_prog_JAR=jar
ac_cv_prog_JAVAC=javac
ac_cv_prog_JAVAH=javah
ac_cv_prog_ac_ct_AR=ar
ac_cv_prog_ac_ct_CC=gcc
ac_cv_prog_ac_ct_CXX=g++
ac_cv_prog_ac_ct_MANIFEST_TOOL=mt
ac_cv_prog_ac_ct_OBJDUMP=objdump
ac_cv_prog_ac_ct_RANLIB=ranlib
ac_cv_prog_ac_ct_STRIP=strip
ac_cv_prog_cc_c89=
ac_cv_prog_cc_g=yes
ac_cv_prog_cxx_g=yes
ac_cv_prog_make_make_set=yes
ac_cv_type_size_t=yes
am_cv_CC_dependencies_compiler_type=gcc3
am_cv_CXX_dependencies_compiler_type=gcc3
am_cv_make_support_nested_variables=yes
am_cv_prog_cc_c_o=yes
am_cv_prog_tar_ustar=gnutar
lt_cv_ar_at_file=@
lt_cv_archive_cmds_need_lc=no
lt_cv_deplibs_check_method=pass_all
lt_cv_file_magic_cmd='$MAGIC_CMD'
lt_cv_file_magic_test_file=
lt_cv_ld_reload_flag=-r
lt_cv_nm_interface='BSD nm'
lt_cv_objdir=.libs
lt_cv_path_LD=/usr/bin/ld
lt_cv_path_LDCXX='/usr/bin/ld -m elf_x86_64'
lt_cv_path_NM='/usr/bin/nm -B'
lt_cv_path_mainfest_tool=no
lt_cv_prog_compiler_c_o=yes
lt_cv_prog_compiler_c_o_CXX=yes
lt_cv_prog_compiler_pic='-fPIC -DPIC'
lt_cv_prog_compiler_pic_CXX='-fPIC -DPIC'
lt_cv_prog_compiler_pic_works=yes
lt_cv_prog_compiler_pic_works_CXX=yes
lt_cv_prog_compiler_rtti_exceptions=no
lt_cv_prog_compiler_static_works=yes
lt_cv_prog_compiler_static_works_CXX=yes
lt_cv_prog_gnu_ld=yes
lt_cv_prog_gnu_ldcxx=yes
lt_cv_sharedlib_from_linklib_cmd='printf %s\n'
lt_cv_shlibpath_overrides_runpath=no
lt_cv_sys_global_symbol_pipe='sed -n -e '\''s/^.*[	 ]\([ABCDGIRSTW][ABCDGIRSTW]*\)[	 ][	 ]*\([_A-Za-z][_A-Za-z0-9]*\)$/\1 \2 \2/p'\'' | sed '\''/ __gnu_lto/d'\'''
lt_cv_sys_global_symbol_to_c_name_address='sed -n -e '\''s/^: \([^ ]*\)[ ]*$/  {\"\1\", (void *) 0},/p'\'' -e '\''s/^[ABCDGIRSTW]* \([^ ]*\) \([^ ]*\)$/  {"\2", (void *) \&\2},/p'\'''
lt_cv_sys_global_symbol_to_c_name_address_lib_prefix='sed -n -e '\''s/^: \([^ ]*\)[ ]*$/  {\"\1\", (void *) 0},/p'\'' -e '\''s/^[ABCDGIRSTW]* \([^ ]*\) \(lib[^ ]*\)$/  {"\2", (void *) \&\2},/p'\'' -e '\''s/^[ABCDGIRSTW]* \([^ ]*\) \([^ ]*\)$/  {"lib\2", (void *) \&\2},/p'\'''
lt_cv_sys_global_symbol_to_cdecl='sed -n -e '\''s/^T .* \(.*\)$/extern int \1();/p'\'' -e '\''s/^[ABCDGIRSTW]* .* \(.*\)$/extern char \1;/p'\'''
lt_cv_sys_max_cmd_len=1572864
lt_cv_to_host_file_cmd=func_convert_file_noop
lt_cv_to_tool_file_cmd=func_convert_file_noop
pkg_cv_ZeroMQ_CFLAGS='-I/usr/local/include '
pkg_cv_ZeroMQ_LIBS='-L/usr/local/lib -lzmq '

## ----------------- ##
## Output variables. ##
## ----------------- ##

ACLOCAL='${SHELL} /home/paul/scratch/jzmq/jzmq-jni/config/missing aclocal-1.14'
AMDEPBACKSLASH='\'
AMDEP_FALSE='#'
AMDEP_TRUE=''
AMTAR='$${TAR-tar}'
AM_BACKSLASH='\'
AM_DEFAULT_V='$(AM_DEFAULT_VERBOSITY)'
AM_DEFAULT_VERBOSITY='1'
AM_V='$(V)'
AR='ar'
AUTOCONF='${SHELL} /home/paul/scratch/jzmq/jzmq-jni/config/missing autoconf'
AUTOHEADER='${SHELL} /home/paul/scratch/jzmq/jzmq-jni/config/missing autoheader'
AUTOMAKE='${SHELL} /home/paul/scratch/jzmq/jzmq-jni/config/missing automake-1.14'
AWK='gawk'
CC='gcc'
CCDEPMODE='depmode=gcc3'
CFLAGS='-g -O2'
CPP='gcc -E'
CPPFLAGS='-D_REENTRANT -D_THREAD_SAFE  -I/usr/local/include  -I/usr/lib/jvm/java-7-openjdk-amd64/include -I/usr/lib/jvm/java-7-openjdk-amd64/include/linux'
CXX='g++'
CXXCPP='g++ -E'
CXXDEPMODE='depmode=gcc3'
CXXFLAGS='-g -O2'
CYGPATH_W='echo'
DEFS='-DHAVE_CONFIG_H'
DEPDIR='.deps'
DISABLE_VERSION_FALSE=''
DISABLE_VERSION_TRUE='#'
DLLTOOL='false'
DSYMUTIL=''
DUMPBIN=''
ECHO_C=''
ECHO_N='-n'
ECHO_T=''
EGREP='/bin/grep -E'
EXEEXT=''
FGREP='/bin/grep -F'
GREP='/bin/grep'
INSTALL_DATA='${INSTALL} -m 644'
INSTALL_PROGRAM='${INSTALL}'
INSTALL_SCRIPT='${INSTALL}'
INSTALL_STRIP_PROGRAM='$(install_sh) -c -s'
JAR='jar'
JAVAC='javac'
JAVACFLAGS=''
JAVAH='javah'
JAVAROOT='.'
JLTVER='0:0:0'
LD='/usr/bin/ld -m elf_x86_64'
LDFLAGS=' -L/usr/local/lib -lzmq '
LIBOBJS=''
LIBS='-lzmq '
LIBTOOL='$(SHELL) $(top_builddir)/libtool'
LIPO=''
LN_S='ln -s'
LTLIBOBJS=''
MAKEINFO='${SHELL} /home/paul/scratch/jzmq/jzmq-jni/config/missing makeinfo'
MANIFEST_TOOL=':'
MKDIR_P='/bin/mkdir -p'
NM='/usr/bin/nm -B'
NMEDIT=''
OBJDUMP='objdump'
OBJEXT='o'
OTOOL64=''
OTOOL=''
PACKAGE='jzmq'
PACKAGE_BUGREPORT='zeromq-dev@lists.zeromq.org'
PACKAGE_NAME='jzmq'
PACKAGE_STRING='jzmq 4.0.0'
PACKAGE_TARNAME='jzmq'
PACKAGE_URL=''
PACKAGE_VERSION='4.0.0'
PATH_SEPARATOR=':'
PKG_CONFIG='/usr/bin/pkg-config'
PKG_CONFIG_LIBDIR=''
PKG_CONFIG_PATH=''
RANLIB='ranlib'
SED='/bin/sed'
SET_MAKE=''
SHELL='/bin/bash'
STRIP='strip'
VERSION='4.0.0'
ZeroMQ_CFLAGS='-I/usr/local/include '
ZeroMQ_LIBS='-L/usr/local/lib -lzmq '
_ACJNI_JAVAC='/usr/bin/javac'
ac_ct_AR='ar'
ac_ct_CC='gcc'
ac_ct_CXX='g++'
ac_ct_DUMPBIN=''
am__EXEEXT_FALSE=''
am__EXEEXT_TRUE='#'
am__fastdepCC_FALSE='#'
am__fastdepCC_TRUE=''
am__fastdepCXX_FALSE='#'
am__fastdepCXX_TRUE=''
am__include='include'
am__isrc=''
am__leading_dot='.'
am__nodep='_no'
am__quote=''
am__tar='tar --format=ustar -chf - "$$tardir"'
am__untar='tar -xf -'
bindir='${exec_prefix}/bin'
build='x86_64-unknown-linux-gnu'
build_alias=''
build_cpu='x86_64'
build_os='linux-gnu'
build_vendor='unknown'
datadir='${datarootdir}'
datarootdir='${prefix}/share'
docdir='${datarootdir}/doc/${PACKAGE_TARNAME}'
dvidir='${docdir}'
exec_prefix='${prefix}'
host='x86_64-unknown-linux-gnu'
host_alias=''
host_cpu='x86_64'
host_os='linux-gnu'
host_vendor='unknown'
htmldir='${docdir}'
includedir='${prefix}/include'
infodir='${datarootdir}/info'
install_sh='${SHELL} /home/paul/scratch/jzmq/jzmq-jni/config/install-sh'
libdir='${exec_prefix}/lib'
libexecdir='${exec_prefix}/libexec'
localedir='${datarootdir}/locale'
localstatedir='${prefix}/var'
mandir='${datarootdir}/man'
mkdir_p='$(MKDIR_P)'
oldincludedir='/usr/include'
pdfdir='${docdir}'
prefix='/home/paul/.local'
program_transform_name='s,x,x,'
psdir='${docdir}'
sbindir='${exec_prefix}/sbin'
sharedstatedir='${prefix}/com'
sysconfdir='${prefix}/etc'
target_alias=''

## ----------- ##
## confdefs.h. ##
## ----------- ##

/* confdefs.h */
#define PACKAGE_NAME "jzmq"
#define PACKAGE_TARNAME "jzmq"
#define PACKAGE_VERSION "4.0.0"
#define PACKAGE_STRING "jzmq 4.0.0"
#define PACKAGE_BUGREPORT "zeromq-dev@lists.zeromq.org"
#define PACKAGE_URL ""
#define PACKAGE "jzmq"
#define VERSION "4.0.0"
#define STDC_HEADERS 1
#define HAVE_SYS_TYPES_H 1
#define HAVE_SYS_STAT_H 1
#define HAVE_STDLIB_H 1
#define HAVE_STRING_H 1
#define HAVE_MEMORY_H 1
#define HAVE_STRINGS_H 1
#define HAVE_INTTYPES_H 1
#define HAVE_STDINT_H 1
#define HAVE_UNISTD_H 1
#define HAVE_DLFCN_H 1
#define LT_OBJDIR ".libs/"

configure: exit 0
