This file contains any messages produced by compilers while
running configure, to aid debugging if configure makes a mistake.

It was created by jzmq configure 4.0.0, which was
generated by GNU Autoconf 2.69.  Invocation command line was

  $ ./configure --prefix=/home/paul/.local

## --------- ##
## Platform. ##
## --------- ##

hostname = lynks-home
uname -m = x86_64
uname -r = 3.16.0-4-amd64
uname -s = Linux
uname -v = #1 SMP Debian 3.16.7-ckt20-1+deb8u4 (2016-02-29)

/usr/bin/uname -p = unknown
/bin/uname -X     = unknown

/bin/arch              = unknown
/usr/bin/arch -k       = unknown
/usr/convex/getsysinfo = unknown
/usr/bin/hostinfo      = unknown
/bin/machine           = unknown
/usr/bin/oslevel       = unknown
/bin/universe          = unknown

PATH: /home/paul/projects/custom/cpm/lib/jdk1.8.0_51/bin
PATH: /home/paul/projects/custom/cpm/mongodb/bin
PATH: /home/paul/projects/custom/cpm/lib/sbt/bin
PATH: /home/paul/projects/custom/cpm/lib/jdk1.8.0_51/bin
PATH: /home/paul/projects/custom/cpm/lib/scala-2.11.7/bin
PATH: /home/paul/lib/scala-2.11.7/bin
PATH: /home/paul/bin
PATH: /usr/local/bin
PATH: /usr/bin
PATH: /bin
PATH: /usr/local/games
PATH: /usr/games
PATH: /home/paul/install/pyroom
PATH: /home/paul/install/android-studio/bin
PATH: /home/paul/install/gradle-2.3/bin
PATH: /home/paul/install/activator-1.3.2
PATH: /home/paul/bin
PATH: /home/paul/opt/idea-IC-141.1532.4/bin
PATH: /home/paul/opt/sbt/bin
PATH: /home/paul/opt/jre1.8.0_60/bin
PATH: /home/paul/.local/bin
PATH: /home/paul/opt/sublime_text_3/bin


## ----------- ##
## Core tests. ##
## ----------- ##

configure:2481: checking for a BSD-compatible install
configure:2549: result: /usr/bin/install -c
configure:2560: checking whether build environment is sane
configure:2615: result: yes
configure:2766: checking for a thread-safe mkdir -p
configure:2805: result: /bin/mkdir -p
configure:2812: checking for gawk
configure:2828: found /usr/bin/gawk
configure:2839: result: gawk
configure:2850: checking whether make sets $(MAKE)
configure:2872: result: yes
configure:2901: checking whether make supports nested variables
configure:2918: result: yes
configure:3007: checking whether UID '1000' is supported by ustar format
configure:3010: result: yes
configure:3017: checking whether GID '1000' is supported by ustar format
configure:3020: result: yes
configure:3028: checking how to create a ustar tar archive
configure:3039: tar --version
tar (GNU tar) 1.27.1
Copyright (C) 2013 Free Software Foundation, Inc.
License GPLv3+: GNU GPL version 3 or later <http://gnu.org/licenses/gpl.html>.
This is free software: you are free to change and redistribute it.
There is NO WARRANTY, to the extent permitted by law.

Written by John Gilmore and Jay Fenlason.
configure:3042: $? = 0
configure:3082: tardir=conftest.dir && eval tar --format=ustar -chf - "$tardir" >conftest.tar
configure:3085: $? = 0
configure:3089: tar -xf - <conftest.tar
configure:3092: $? = 0
configure:3094: cat conftest.dir/file
GrepMe
configure:3097: $? = 0
configure:3110: result: gnutar
configure:3202: checking build system type
configure:3216: result: x86_64-unknown-linux-gnu
configure:3236: checking host system type
configure:3249: result: x86_64-unknown-linux-gnu
configure:3290: checking how to print strings
configure:3317: result: printf
configure:3350: checking for style of include used by make
configure:3378: result: GNU
configure:3449: checking for gcc
configure:3465: found /usr/bin/gcc
configure:3476: result: gcc
configure:3705: checking for C compiler version
configure:3714: gcc --version >&5
gcc (Debian 4.9.2-10) 4.9.2
Copyright (C) 2014 Free Software Foundation, Inc.
This is free software; see the source for copying conditions.  There is NO
warranty; not even for MERCHANTABILITY or FITNESS FOR A PARTICULAR PURPOSE.

configure:3725: $? = 0
configure:3714: gcc -v >&5
Using built-in specs.
COLLECT_GCC=gcc
COLLECT_LTO_WRAPPER=/usr/lib/gcc/x86_64-linux-gnu/4.9/lto-wrapper
Target: x86_64-linux-gnu
Configured with: ../src/configure -v --with-pkgversion='Debian 4.9.2-10' --with-bugurl=file:///usr/share/doc/gcc-4.9/README.Bugs --enable-languages=c,c++,java,go,d,fortran,objc,obj-c++ --prefix=/usr --program-suffix=-4.9 --enable-shared --enable-linker-build-id --libexecdir=/usr/lib --without-included-gettext --enable-threads=posix --with-gxx-include-dir=/usr/include/c++/4.9 --libdir=/usr/lib --enable-nls --with-sysroot=/ --enable-clocale=gnu --enable-libstdcxx-debug --enable-libstdcxx-time=yes --enable-gnu-unique-object --disable-vtable-verify --enable-plugin --with-system-zlib --disable-browser-plugin --enable-java-awt=gtk --enable-gtk-cairo --with-java-home=/usr/lib/jvm/java-1.5.0-gcj-4.9-amd64/jre --enable-java-home --with-jvm-root-dir=/usr/lib/jvm/java-1.5.0-gcj-4.9-amd64 --with-jvm-jar-dir=/usr/lib/jvm-exports/java-1.5.0-gcj-4.9-amd64 --with-arch-directory=amd64 --with-ecj-jar=/usr/share/java/eclipse-ecj.jar --enable-objc-gc --enable-multiarch --with-arch-32=i586 --with-abi=m64 --with-multilib-list=m32,m64,mx32 --enable-multilib --with-tune=generic --enable-checking=release --build=x86_64-linux-gnu --host=x86_64-linux-gnu --target=x86_64-linux-gnu
Thread model: posix
gcc version 4.9.2 (Debian 4.9.2-10) 
configure:3725: $? = 0
configure:3714: gcc -V >&5
gcc: error: unrecognized command line option '-V'
gcc: fatal error: no input files
compilation terminated.
configure:3725: $? = 4
configure:3714: gcc -qversion >&5
gcc: error: unrecognized command line option '-qversion'
gcc: fatal error: no input files
compilation terminated.
configure:3725: $? = 4
configure:3745: checking whether the C compiler works
configure:3767: gcc  -I/home/paul/.local/include -I/home/paul/projects/custom/cpm/lib/jdk1.8.0_51/include -I/home/paul/projects/custom/cpm/lib/jdk1.8.0_51/include/linux -L/home/paul/.local/lib conftest.c  >&5
configure:3771: $? = 0
configure:3819: result: yes
configure:3822: checking for C compiler default output file name
configure:3824: result: a.out
configure:3830: checking for suffix of executables
configure:3837: gcc -o conftest  -I/home/paul/.local/include -I/home/paul/projects/custom/cpm/lib/jdk1.8.0_51/include -I/home/paul/projects/custom/cpm/lib/jdk1.8.0_51/include/linux -L/home/paul/.local/lib conftest.c  >&5
configure:3841: $? = 0
configure:3863: result: 
configure:3885: checking whether we are cross compiling
configure:3893: gcc -o conftest  -I/home/paul/.local/include -I/home/paul/projects/custom/cpm/lib/jdk1.8.0_51/include -I/home/paul/projects/custom/cpm/lib/jdk1.8.0_51/include/linux -L/home/paul/.local/lib conftest.c  >&5
configure:3897: $? = 0
configure:3904: ./conftest
configure:3908: $? = 0
configure:3923: result: no
configure:3928: checking for suffix of object files
configure:3950: gcc -c  -I/home/paul/.local/include -I/home/paul/projects/custom/cpm/lib/jdk1.8.0_51/include -I/home/paul/projects/custom/cpm/lib/jdk1.8.0_51/include/linux conftest.c >&5
configure:3954: $? = 0
configure:3975: result: o
configure:3979: checking whether we are using the GNU C compiler
configure:3998: gcc -c  -I/home/paul/.local/include -I/home/paul/projects/custom/cpm/lib/jdk1.8.0_51/include -I/home/paul/projects/custom/cpm/lib/jdk1.8.0_51/include/linux conftest.c >&5
configure:3998: $? = 0
configure:4007: result: yes
configure:4016: checking whether gcc accepts -g
configure:4036: gcc -c -g -I/home/paul/.local/include -I/home/paul/projects/custom/cpm/lib/jdk1.8.0_51/include -I/home/paul/projects/custom/cpm/lib/jdk1.8.0_51/include/linux conftest.c >&5
configure:4036: $? = 0
configure:4077: result: yes
configure:4094: checking for gcc option to accept ISO C89
configure:4157: gcc  -c -g -O2 -I/home/paul/.local/include -I/home/paul/projects/custom/cpm/lib/jdk1.8.0_51/include -I/home/paul/projects/custom/cpm/lib/jdk1.8.0_51/include/linux conftest.c >&5
configure:4157: $? = 0
configure:4170: result: none needed
configure:4195: checking whether gcc understands -c and -o together
configure:4217: gcc -c conftest.c -o conftest2.o
configure:4220: $? = 0
configure:4217: gcc -c conftest.c -o conftest2.o
configure:4220: $? = 0
configure:4232: result: yes
configure:4251: checking dependency style of gcc
configure:4362: result: gcc3
configure:4377: checking for a sed that does not truncate output
configure:4441: result: /bin/sed
configure:4459: checking for grep that handles long lines and -e
configure:4517: result: /bin/grep
configure:4522: checking for egrep
configure:4584: result: /bin/grep -E
configure:4589: checking for fgrep
configure:4651: result: /bin/grep -F
configure:4686: checking for ld used by gcc
configure:4753: result: /usr/bin/ld
configure:4760: checking if the linker (/usr/bin/ld) is GNU ld
configure:4775: result: yes
configure:4787: checking for BSD- or MS-compatible name lister (nm)
configure:4836: result: /usr/bin/nm -B
configure:4966: checking the name lister (/usr/bin/nm -B) interface
configure:4973: gcc -c -g -O2 -I/home/paul/.local/include -I/home/paul/projects/custom/cpm/lib/jdk1.8.0_51/include -I/home/paul/projects/custom/cpm/lib/jdk1.8.0_51/include/linux conftest.c >&5
configure:4976: /usr/bin/nm -B "conftest.o"
configure:4979: output
0000000000000000 B some_variable
configure:4986: result: BSD nm
configure:4989: checking whether ln -s works
configure:4993: result: yes
configure:5001: checking the maximum length of command line arguments
configure:5132: result: 1572864
configure:5149: checking whether the shell understands some XSI constructs
configure:5159: result: yes
configure:5163: checking whether the shell understands "+="
configure:5169: result: yes
configure:5204: checking how to convert x86_64-unknown-linux-gnu file names to x86_64-unknown-linux-gnu format
configure:5244: result: func_convert_file_noop
configure:5251: checking how to convert x86_64-unknown-linux-gnu file names to toolchain format
configure:5271: result: func_convert_file_noop
configure:5278: checking for /usr/bin/ld option to reload object files
configure:5285: result: -r
configure:5359: checking for objdump
configure:5375: found /usr/bin/objdump
configure:5386: result: objdump
configure:5418: checking how to recognize dependent libraries
configure:5616: result: pass_all
configure:5701: checking for dlltool
configure:5731: result: no
configure:5761: checking how to associate runtime and link libraries
configure:5788: result: printf %s\n
configure:5849: checking for ar
configure:5865: found /usr/bin/ar
configure:5876: result: ar
configure:5913: checking for archiver @FILE support
configure:5930: gcc -c -g -O2 -I/home/paul/.local/include -I/home/paul/projects/custom/cpm/lib/jdk1.8.0_51/include -I/home/paul/projects/custom/cpm/lib/jdk1.8.0_51/include/linux conftest.c >&5
configure:5930: $? = 0
configure:5933: ar cru libconftest.a @conftest.lst >&5
configure:5936: $? = 0
configure:5941: ar cru libconftest.a @conftest.lst >&5
ar: conftest.o: No such file or directory
configure:5944: $? = 1
configure:5956: result: @
configure:6014: checking for strip
configure:6030: found /usr/bin/strip
configure:6041: result: strip
configure:6113: checking for ranlib
configure:6129: found /usr/bin/ranlib
configure:6140: result: ranlib
configure:6242: checking command to parse /usr/bin/nm -B output from gcc object
configure:6362: gcc -c -g -O2 -I/home/paul/.local/include -I/home/paul/projects/custom/cpm/lib/jdk1.8.0_51/include -I/home/paul/projects/custom/cpm/lib/jdk1.8.0_51/include/linux conftest.c >&5
configure:6365: $? = 0
configure:6369: /usr/bin/nm -B conftest.o \| sed -n -e 's/^.*[ ]\([ABCDGIRSTW][ABCDGIRSTW]*\)[ ][ ]*\([_A-Za-z][_A-Za-z0-9]*\)$/\1 \2 \2/p' | sed '/ __gnu_lto/d' \> conftest.nm
configure:6372: $? = 0
configure:6438: gcc -o conftest -g -O2 -I/home/paul/.local/include -I/home/paul/projects/custom/cpm/lib/jdk1.8.0_51/include -I/home/paul/projects/custom/cpm/lib/jdk1.8.0_51/include/linux -L/home/paul/.local/lib conftest.c conftstm.o >&5
configure:6441: $? = 0
configure:6479: result: ok
configure:6516: checking for sysroot
configure:6546: result: no
configure:6623: gcc -c -g -O2 -I/home/paul/.local/include -I/home/paul/projects/custom/cpm/lib/jdk1.8.0_51/include -I/home/paul/projects/custom/cpm/lib/jdk1.8.0_51/include/linux conftest.c >&5
configure:6626: $? = 0
configure:6815: checking for mt
configure:6831: found /bin/mt
configure:6842: result: mt
configure:6865: checking if mt is a manifest tool
configure:6871: mt '-?'
configure:6879: result: no
configure:7521: checking how to run the C preprocessor
configure:7552: gcc -E -I/home/paul/.local/include -I/home/paul/projects/custom/cpm/lib/jdk1.8.0_51/include -I/home/paul/projects/custom/cpm/lib/jdk1.8.0_51/include/linux conftest.c
configure:7552: $? = 0
configure:7566: gcc -E -I/home/paul/.local/include -I/home/paul/projects/custom/cpm/lib/jdk1.8.0_51/include -I/home/paul/projects/custom/cpm/lib/jdk1.8.0_51/include/linux conftest.c
conftest.c:11:28: fatal error: ac_nonexistent.h: No such file or directory
 #include <ac_nonexistent.h>
                            ^
compilation terminated.
configure:7566: $? = 1
configure: failed program was:
| /* confdefs.h */
| #define PACKAGE_NAME "jzmq"
| #define PACKAGE_TARNAME "jzmq"
| #define PACKAGE_VERSION "4.0.0"
| #define PACKAGE_STRING "jzmq 4.0.0"
| #define PACKAGE_BUGREPORT "zeromq-dev@lists.zeromq.org"
| #define PACKAGE_URL ""
| #define PACKAGE "jzmq"
| #define VERSION "4.0.0"
| /* end confdefs.h.  */
| #include <ac_nonexistent.h>
configure:7591: result: gcc -E
configure:7611: gcc -E -I/home/paul/.local/include -I/home/paul/projects/custom/cpm/lib/jdk1.8.0_51/include -I/home/paul/projects/custom/cpm/lib/jdk1.8.0_51/include/linux conftest.c
configure:7611: $? = 0
configure:7625: gcc -E -I/home/paul/.local/include -I/home/paul/projects/custom/cpm/lib/jdk1.8.0_51/include -I/home/paul/projects/custom/cpm/lib/jdk1.8.0_51/include/linux conftest.c
conftest.c:11:28: fatal error: ac_nonexistent.h: No such file or directory
 #include <ac_nonexistent.h>
                            ^
compilation terminated.
configure:7625: $? = 1
configure: failed program was:
| /* confdefs.h */
| #define PACKAGE_NAME "jzmq"
| #define PACKAGE_TARNAME "jzmq"
| #define PACKAGE_VERSION "4.0.0"
| #define PACKAGE_STRING "jzmq 4.0.0"
| #define PACKAGE_BUGREPORT "zeromq-dev@lists.zeromq.org"
| #define PACKAGE_URL ""
| #define PACKAGE "jzmq"
| #define VERSION "4.0.0"
| /* end confdefs.h.  */
| #include <ac_nonexistent.h>
configure:7654: checking for ANSI C header files
configure:7674: gcc -c -g -O2 -I/home/paul/.local/include -I/home/paul/projects/custom/cpm/lib/jdk1.8.0_51/include -I/home/paul/projects/custom/cpm/lib/jdk1.8.0_51/include/linux conftest.c >&5
configure:7674: $? = 0
configure:7747: gcc -o conftest -g -O2 -I/home/paul/.local/include -I/home/paul/projects/custom/cpm/lib/jdk1.8.0_51/include -I/home/paul/projects/custom/cpm/lib/jdk1.8.0_51/include/linux -L/home/paul/.local/lib conftest.c  >&5
configure:7747: $? = 0
configure:7747: ./conftest
configure:7747: $? = 0
configure:7758: result: yes
configure:7771: checking for sys/types.h
configure:7771: gcc -c -g -O2 -I/home/paul/.local/include -I/home/paul/projects/custom/cpm/lib/jdk1.8.0_51/include -I/home/paul/projects/custom/cpm/lib/jdk1.8.0_51/include/linux conftest.c >&5
configure:7771: $? = 0
configure:7771: result: yes
configure:7771: checking for sys/stat.h
configure:7771: gcc -c -g -O2 -I/home/paul/.local/include -I/home/paul/projects/custom/cpm/lib/jdk1.8.0_51/include -I/home/paul/projects/custom/cpm/lib/jdk1.8.0_51/include/linux conftest.c >&5
configure:7771: $? = 0
configure:7771: result: yes
configure:7771: checking for stdlib.h
configure:7771: gcc -c -g -O2 -I/home/paul/.local/include -I/home/paul/projects/custom/cpm/lib/jdk1.8.0_51/include -I/home/paul/projects/custom/cpm/lib/jdk1.8.0_51/include/linux conftest.c >&5
configure:7771: $? = 0
configure:7771: result: yes
configure:7771: checking for string.h
configure:7771: gcc -c -g -O2 -I/home/paul/.local/include -I/home/paul/projects/custom/cpm/lib/jdk1.8.0_51/include -I/home/paul/projects/custom/cpm/lib/jdk1.8.0_51/include/linux conftest.c >&5
configure:7771: $? = 0
configure:7771: result: yes
configure:7771: checking for memory.h
configure:7771: gcc -c -g -O2 -I/home/paul/.local/include -I/home/paul/projects/custom/cpm/lib/jdk1.8.0_51/include -I/home/paul/projects/custom/cpm/lib/jdk1.8.0_51/include/linux conftest.c >&5
configure:7771: $? = 0
configure:7771: result: yes
configure:7771: checking for strings.h
configure:7771: gcc -c -g -O2 -I/home/paul/.local/include -I/home/paul/projects/custom/cpm/lib/jdk1.8.0_51/include -I/home/paul/projects/custom/cpm/lib/jdk1.8.0_51/include/linux conftest.c >&5
configure:7771: $? = 0
configure:7771: result: yes
configure:7771: checking for inttypes.h
configure:7771: gcc -c -g -O2 -I/home/paul/.local/include -I/home/paul/projects/custom/cpm/lib/jdk1.8.0_51/include -I/home/paul/projects/custom/cpm/lib/jdk1.8.0_51/include/linux conftest.c >&5
configure:7771: $? = 0
configure:7771: result: yes
configure:7771: checking for stdint.h
configure:7771: gcc -c -g -O2 -I/home/paul/.local/include -I/home/paul/projects/custom/cpm/lib/jdk1.8.0_51/include -I/home/paul/projects/custom/cpm/lib/jdk1.8.0_51/include/linux conftest.c >&5
configure:7771: $? = 0
configure:7771: result: yes
configure:7771: checking for unistd.h
configure:7771: gcc -c -g -O2 -I/home/paul/.local/include -I/home/paul/projects/custom/cpm/lib/jdk1.8.0_51/include -I/home/paul/projects/custom/cpm/lib/jdk1.8.0_51/include/linux conftest.c >&5
configure:7771: $? = 0
configure:7771: result: yes
configure:7785: checking for dlfcn.h
configure:7785: gcc -c -g -O2 -I/home/paul/.local/include -I/home/paul/projects/custom/cpm/lib/jdk1.8.0_51/include -I/home/paul/projects/custom/cpm/lib/jdk1.8.0_51/include/linux conftest.c >&5
configure:7785: $? = 0
configure:7785: result: yes
configure:7991: checking for objdir
configure:8006: result: .libs
configure:8277: checking if gcc supports -fno-rtti -fno-exceptions
configure:8295: gcc -c -g -O2 -I/home/paul/.local/include -I/home/paul/projects/custom/cpm/lib/jdk1.8.0_51/include -I/home/paul/projects/custom/cpm/lib/jdk1.8.0_51/include/linux -fno-rtti -fno-exceptions conftest.c >&5
cc1: warning: command line option '-fno-rtti' is valid for C++/ObjC++ but not for C
configure:8299: $? = 0
configure:8312: result: no
configure:8639: checking for gcc option to produce PIC
configure:8646: result: -fPIC -DPIC
configure:8654: checking if gcc PIC flag -fPIC -DPIC works
configure:8672: gcc -c -g -O2 -I/home/paul/.local/include -I/home/paul/projects/custom/cpm/lib/jdk1.8.0_51/include -I/home/paul/projects/custom/cpm/lib/jdk1.8.0_51/include/linux -fPIC -DPIC -DPIC conftest.c >&5
configure:8676: $? = 0
configure:8689: result: yes
configure:8718: checking if gcc static flag -static works
configure:8746: result: yes
configure:8761: checking if gcc supports -c -o file.o
configure:8782: gcc -c -g -O2 -I/home/paul/.local/include -I/home/paul/projects/custom/cpm/lib/jdk1.8.0_51/include -I/home/paul/projects/custom/cpm/lib/jdk1.8.0_51/include/linux -o out/conftest2.o conftest.c >&5
configure:8786: $? = 0
configure:8808: result: yes
configure:8816: checking if gcc supports -c -o file.o
configure:8863: result: yes
configure:8896: checking whether the gcc linker (/usr/bin/ld -m elf_x86_64) supports shared libraries
configure:10053: result: yes
configure:10090: checking whether -lc should be explicitly linked in
configure:10098: gcc -c -g -O2 -I/home/paul/.local/include -I/home/paul/projects/custom/cpm/lib/jdk1.8.0_51/include -I/home/paul/projects/custom/cpm/lib/jdk1.8.0_51/include/linux conftest.c >&5
configure:10101: $? = 0
configure:10116: gcc -shared  -fPIC -DPIC conftest.o  -v -Wl,-soname -Wl,conftest -o conftest 2\>\&1 \| /bin/grep  -lc  \>/dev/null 2\>\&1
configure:10119: $? = 0
configure:10133: result: no
configure:10293: checking dynamic linker characteristics
configure:10793: gcc -o conftest -g -O2 -I/home/paul/.local/include -I/home/paul/projects/custom/cpm/lib/jdk1.8.0_51/include -I/home/paul/projects/custom/cpm/lib/jdk1.8.0_51/include/linux -L/home/paul/.local/lib -Wl,-rpath -Wl,/foo conftest.c  >&5
configure:10793: $? = 0
configure:11027: result: GNU/Linux ld.so
configure:11134: checking how to hardcode library paths into programs
configure:11159: result: immediate
configure:11699: checking whether stripping libraries is possible
configure:11704: result: yes
configure:11739: checking if libtool supports shared libraries
configure:11741: result: yes
configure:11744: checking whether to build shared libraries
configure:11765: result: yes
configure:11768: checking whether to build static libraries
configure:11772: result: yes
configure:11815: checking for gawk
configure:11842: result: gawk
configure:11912: checking for g++
configure:11928: found /usr/bin/g++
configure:11939: result: g++
configure:11966: checking for C++ compiler version
configure:11975: g++ --version >&5
g++ (Debian 4.9.2-10) 4.9.2
Copyright (C) 2014 Free Software Foundation, Inc.
This is free software; see the source for copying conditions.  There is NO
warranty; not even for MERCHANTABILITY or FITNESS FOR A PARTICULAR PURPOSE.

configure:11986: $? = 0
configure:11975: g++ -v >&5
Using built-in specs.
COLLECT_GCC=g++
COLLECT_LTO_WRAPPER=/usr/lib/gcc/x86_64-linux-gnu/4.9/lto-wrapper
Target: x86_64-linux-gnu
Configured with: ../src/configure -v --with-pkgversion='Debian 4.9.2-10' --with-bugurl=file:///usr/share/doc/gcc-4.9/README.Bugs --enable-languages=c,c++,java,go,d,fortran,objc,obj-c++ --prefix=/usr --program-suffix=-4.9 --enable-shared --enable-linker-build-id --libexecdir=/usr/lib --without-included-gettext --enable-threads=posix --with-gxx-include-dir=/usr/include/c++/4.9 --libdir=/usr/lib --enable-nls --with-sysroot=/ --enable-clocale=gnu --enable-libstdcxx-debug --enable-libstdcxx-time=yes --enable-gnu-unique-object --disable-vtable-verify --enable-plugin --with-system-zlib --disable-browser-plugin --enable-java-awt=gtk --enable-gtk-cairo --with-java-home=/usr/lib/jvm/java-1.5.0-gcj-4.9-amd64/jre --enable-java-home --with-jvm-root-dir=/usr/lib/jvm/java-1.5.0-gcj-4.9-amd64 --with-jvm-jar-dir=/usr/lib/jvm-exports/java-1.5.0-gcj-4.9-amd64 --with-arch-directory=amd64 --with-ecj-jar=/usr/share/java/eclipse-ecj.jar --enable-objc-gc --enable-multiarch --with-arch-32=i586 --with-abi=m64 --with-multilib-list=m32,m64,mx32 --enable-multilib --with-tune=generic --enable-checking=release --build=x86_64-linux-gnu --host=x86_64-linux-gnu --target=x86_64-linux-gnu
Thread model: posix
gcc version 4.9.2 (Debian 4.9.2-10) 
configure:11986: $? = 0
configure:11975: g++ -V >&5
g++: error: unrecognized command line option '-V'
g++: fatal error: no input files
compilation terminated.
configure:11986: $? = 4
configure:11975: g++ -qversion >&5
g++: error: unrecognized command line option '-qversion'
g++: fatal error: no input files
compilation terminated.
configure:11986: $? = 4
configure:11990: checking whether we are using the GNU C++ compiler
configure:12009: g++ -c  -I/home/paul/.local/include -I/home/paul/projects/custom/cpm/lib/jdk1.8.0_51/include -I/home/paul/projects/custom/cpm/lib/jdk1.8.0_51/include/linux conftest.cpp >&5
configure:12009: $? = 0
configure:12018: result: yes
configure:12027: checking whether g++ accepts -g
configure:12047: g++ -c -g -I/home/paul/.local/include -I/home/paul/projects/custom/cpm/lib/jdk1.8.0_51/include -I/home/paul/projects/custom/cpm/lib/jdk1.8.0_51/include/linux conftest.cpp >&5
configure:12047: $? = 0
configure:12088: result: yes
configure:12113: checking dependency style of g++
configure:12224: result: gcc3
configure:12257: checking how to run the C++ preprocessor
configure:12284: g++ -E -I/home/paul/.local/include -I/home/paul/projects/custom/cpm/lib/jdk1.8.0_51/include -I/home/paul/projects/custom/cpm/lib/jdk1.8.0_51/include/linux conftest.cpp
configure:12284: $? = 0
configure:12298: g++ -E -I/home/paul/.local/include -I/home/paul/projects/custom/cpm/lib/jdk1.8.0_51/include -I/home/paul/projects/custom/cpm/lib/jdk1.8.0_51/include/linux conftest.cpp
conftest.cpp:23:28: fatal error: ac_nonexistent.h: No such file or directory
 #include <ac_nonexistent.h>
                            ^
compilation terminated.
configure:12298: $? = 1
configure: failed program was:
| /* confdefs.h */
| #define PACKAGE_NAME "jzmq"
| #define PACKAGE_TARNAME "jzmq"
| #define PACKAGE_VERSION "4.0.0"
| #define PACKAGE_STRING "jzmq 4.0.0"
| #define PACKAGE_BUGREPORT "zeromq-dev@lists.zeromq.org"
| #define PACKAGE_URL ""
| #define PACKAGE "jzmq"
| #define VERSION "4.0.0"
| #define STDC_HEADERS 1
| #define HAVE_SYS_TYPES_H 1
| #define HAVE_SYS_STAT_H 1
| #define HAVE_STDLIB_H 1
| #define HAVE_STRING_H 1
| #define HAVE_MEMORY_H 1
| #define HAVE_STRINGS_H 1
| #define HAVE_INTTYPES_H 1
| #define HAVE_STDINT_H 1
| #define HAVE_UNISTD_H 1
| #define HAVE_DLFCN_H 1
| #define LT_OBJDIR ".libs/"
| /* end confdefs.h.  */
| #include <ac_nonexistent.h>
configure:12323: result: g++ -E
configure:12343: g++ -E -I/home/paul/.local/include -I/home/paul/projects/custom/cpm/lib/jdk1.8.0_51/include -I/home/paul/projects/custom/cpm/lib/jdk1.8.0_51/include/linux conftest.cpp
configure:12343: $? = 0
configure:12357: g++ -E -I/home/paul/.local/include -I/home/paul/projects/custom/cpm/lib/jdk1.8.0_51/include -I/home/paul/projects/custom/cpm/lib/jdk1.8.0_51/include/linux conftest.cpp
conftest.cpp:23:28: fatal error: ac_nonexistent.h: No such file or directory
 #include <ac_nonexistent.h>
                            ^
compilation terminated.
configure:12357: $? = 1
configure: failed program was:
| /* confdefs.h */
| #define PACKAGE_NAME "jzmq"
| #define PACKAGE_TARNAME "jzmq"
| #define PACKAGE_VERSION "4.0.0"
| #define PACKAGE_STRING "jzmq 4.0.0"
| #define PACKAGE_BUGREPORT "zeromq-dev@lists.zeromq.org"
| #define PACKAGE_URL ""
| #define PACKAGE "jzmq"
| #define VERSION "4.0.0"
| #define STDC_HEADERS 1
| #define HAVE_SYS_TYPES_H 1
| #define HAVE_SYS_STAT_H 1
| #define HAVE_STDLIB_H 1
| #define HAVE_STRING_H 1
| #define HAVE_MEMORY_H 1
| #define HAVE_STRINGS_H 1
| #define HAVE_INTTYPES_H 1
| #define HAVE_STDINT_H 1
| #define HAVE_UNISTD_H 1
| #define HAVE_DLFCN_H 1
| #define LT_OBJDIR ".libs/"
| /* end confdefs.h.  */
| #include <ac_nonexistent.h>
configure:12526: checking for ld used by g++
configure:12593: result: /usr/bin/ld -m elf_x86_64
configure:12600: checking if the linker (/usr/bin/ld -m elf_x86_64) is GNU ld
configure:12615: result: yes
configure:12670: checking whether the g++ linker (/usr/bin/ld -m elf_x86_64) supports shared libraries
configure:13672: result: yes
configure:13708: g++ -c -g -O2 -I/home/paul/.local/include -I/home/paul/projects/custom/cpm/lib/jdk1.8.0_51/include -I/home/paul/projects/custom/cpm/lib/jdk1.8.0_51/include/linux conftest.cpp >&5
configure:13711: $? = 0
configure:14231: checking for g++ option to produce PIC
configure:14238: result: -fPIC -DPIC
configure:14246: checking if g++ PIC flag -fPIC -DPIC works
configure:14264: g++ -c -g -O2 -I/home/paul/.local/include -I/home/paul/projects/custom/cpm/lib/jdk1.8.0_51/include -I/home/paul/projects/custom/cpm/lib/jdk1.8.0_51/include/linux -fPIC -DPIC -DPIC conftest.cpp >&5
configure:14268: $? = 0
configure:14281: result: yes
configure:14304: checking if g++ static flag -static works
configure:14332: result: yes
configure:14344: checking if g++ supports -c -o file.o
configure:14365: g++ -c -g -O2 -I/home/paul/.local/include -I/home/paul/projects/custom/cpm/lib/jdk1.8.0_51/include -I/home/paul/projects/custom/cpm/lib/jdk1.8.0_51/include/linux -o out/conftest2.o conftest.cpp >&5
configure:14369: $? = 0
configure:14391: result: yes
configure:14396: checking if g++ supports -c -o file.o
configure:14443: result: yes
configure:14473: checking whether the g++ linker (/usr/bin/ld -m elf_x86_64) supports shared libraries
configure:14512: result: yes
configure:14653: checking dynamic linker characteristics
configure:15321: result: GNU/Linux ld.so
configure:15374: checking how to hardcode library paths into programs
configure:15399: result: immediate
configure:15524: checking for pkg-config
configure:15542: found /usr/bin/pkg-config
configure:15554: result: /usr/bin/pkg-config
configure:15579: checking pkg-config is at least version 0.9.0
configure:15582: result: yes
configure:15592: checking for ZeroMQ
configure:15599: $PKG_CONFIG --exists --print-errors "libzmq"
configure:15602: $? = 0
configure:15616: $PKG_CONFIG --exists --print-errors "libzmq"
configure:15619: $? = 0
configure:15657: result: yes
configure:15682: checking zmq.h usability
configure:15682: g++ -c -g -O2 -D_REENTRANT -D_THREAD_SAFE -I/home/paul/.local/include -I/home/paul/projects/custom/cpm/lib/jdk1.8.0_51/include -I/home/paul/projects/custom/cpm/lib/jdk1.8.0_51/include/linux -I/usr/local/include  conftest.cpp >&5
configure:15682: $? = 0
configure:15682: result: yes
configure:15682: checking zmq.h presence
configure:15682: g++ -E -D_REENTRANT -D_THREAD_SAFE -I/home/paul/.local/include -I/home/paul/projects/custom/cpm/lib/jdk1.8.0_51/include -I/home/paul/projects/custom/cpm/lib/jdk1.8.0_51/include/linux -I/usr/local/include  conftest.cpp
configure:15682: $? = 0
configure:15682: result: yes
configure:15682: checking for zmq.h
configure:15682: result: yes
configure:15703: checking for zmq_init in -lzmq
configure:15728: g++ -o conftest -g -O2 -D_REENTRANT -D_THREAD_SAFE -I/home/paul/.local/include -I/home/paul/projects/custom/cpm/lib/jdk1.8.0_51/include -I/home/paul/projects/custom/cpm/lib/jdk1.8.0_51/include/linux -I/usr/local/include  -L/home/paul/.local/lib -L/usr/local/lib -lzmq  conftest.cpp -lzmq   >&5
configure:15728: $? = 0
configure:15737: result: yes
configure:15760: checking for javac
configure:15776: found /home/paul/projects/custom/cpm/lib/jdk1.8.0_51/bin/javac
configure:15787: result: javac
configure:15805: checking for javah
configure:15821: found /home/paul/projects/custom/cpm/lib/jdk1.8.0_51/bin/javah
configure:15832: result: javah
configure:15850: checking for jar
configure:15866: found /home/paul/projects/custom/cpm/lib/jdk1.8.0_51/bin/jar
configure:15877: result: jar
configure:15902: checking for javac
configure:15920: found /home/paul/projects/custom/cpm/lib/jdk1.8.0_51/bin/javac
configure:15933: result: /home/paul/projects/custom/cpm/lib/jdk1.8.0_51/bin/javac
configure:16013: checking for an ANSI C-conforming const
configure:16079: g++ -c -g -O2 -D_REENTRANT -D_THREAD_SAFE -I/home/paul/.local/include -I/home/paul/projects/custom/cpm/lib/jdk1.8.0_51/include -I/home/paul/projects/custom/cpm/lib/jdk1.8.0_51/include/linux -I/usr/local/include  -I/home/paul/projects/custom/cpm/lib/jdk1.8.0_51/include -I/home/paul/projects/custom/cpm/lib/jdk1.8.0_51/include/linux conftest.cpp >&5
configure:16079: $? = 0
configure:16086: result: yes
configure:16094: checking for size_t
configure:16094: g++ -c -g -O2 -D_REENTRANT -D_THREAD_SAFE -I/home/paul/.local/include -I/home/paul/projects/custom/cpm/lib/jdk1.8.0_51/include -I/home/paul/projects/custom/cpm/lib/jdk1.8.0_51/include/linux -I/usr/local/include  -I/home/paul/projects/custom/cpm/lib/jdk1.8.0_51/include -I/home/paul/projects/custom/cpm/lib/jdk1.8.0_51/include/linux conftest.cpp >&5
configure:16094: $? = 0
configure:16094: g++ -c -g -O2 -D_REENTRANT -D_THREAD_SAFE -I/home/paul/.local/include -I/home/paul/projects/custom/cpm/lib/jdk1.8.0_51/include -I/home/paul/projects/custom/cpm/lib/jdk1.8.0_51/include/linux -I/usr/local/include  -I/home/paul/projects/custom/cpm/lib/jdk1.8.0_51/include -I/home/paul/projects/custom/cpm/lib/jdk1.8.0_51/include/linux conftest.cpp >&5
conftest.cpp: In function 'int main()':
conftest.cpp:59:20: error: expected primary-expression before ')' token
 if (sizeof ((size_t)))
                    ^
configure:16094: $? = 1
configure: failed program was:
| /* confdefs.h */
| #define PACKAGE_NAME "jzmq"
| #define PACKAGE_TARNAME "jzmq"
| #define PACKAGE_VERSION "4.0.0"
| #define PACKAGE_STRING "jzmq 4.0.0"
| #define PACKAGE_BUGREPORT "zeromq-dev@lists.zeromq.org"
| #define PACKAGE_URL ""
| #define PACKAGE "jzmq"
| #define VERSION "4.0.0"
| #define STDC_HEADERS 1
| #define HAVE_SYS_TYPES_H 1
| #define HAVE_SYS_STAT_H 1
| #define HAVE_STDLIB_H 1
| #define HAVE_STRING_H 1
| #define HAVE_MEMORY_H 1
| #define HAVE_STRINGS_H 1
| #define HAVE_INTTYPES_H 1
| #define HAVE_STDINT_H 1
| #define HAVE_UNISTD_H 1
| #define HAVE_DLFCN_H 1
| #define LT_OBJDIR ".libs/"
| /* end confdefs.h.  */
| #include <stdio.h>
| #ifdef HAVE_SYS_TYPES_H
| # include <sys/types.h>
| #endif
| #ifdef HAVE_SYS_STAT_H
| # include <sys/stat.h>
| #endif
| #ifdef STDC_HEADERS
| # include <stdlib.h>
| # include <stddef.h>
| #else
| # ifdef HAVE_STDLIB_H
| #  include <stdlib.h>
| # endif
| #endif
| #ifdef HAVE_STRING_H
| # if !defined STDC_HEADERS && defined HAVE_MEMORY_H
| #  include <memory.h>
| # endif
| # include <string.h>
| #endif
| #ifdef HAVE_STRINGS_H
| # include <strings.h>
| #endif
| #ifdef HAVE_INTTYPES_H
| # include <inttypes.h>
| #endif
| #ifdef HAVE_STDINT_H
| # include <stdint.h>
| #endif
| #ifdef HAVE_UNISTD_H
| # include <unistd.h>
| #endif
| int
| main ()
| {
| if (sizeof ((size_t)))
| 	    return 0;
|   ;
|   return 0;
| }
configure:16094: result: yes
configure:16217: checking that generated files are newer than configure
configure:16223: result: done
configure:16254: creating ./config.status

## ---------------------- ##
## Running config.status. ##
## ---------------------- ##

This file was extended by jzmq config.status 4.0.0, which was
generated by GNU Autoconf 2.69.  Invocation command line was

  CONFIG_FILES    = 
  CONFIG_HEADERS  = 
  CONFIG_LINKS    = 
  CONFIG_COMMANDS = 
  $ ./config.status 

on lynks-home

config.status:1160: creating Makefile
config.status:1160: creating src/main/c++/Makefile
config.status:1160: creating src/main/perf/Makefile
config.status:1160: creating src/main/c++/config.hpp
config.status:1341: src/main/c++/config.hpp is unchanged
config.status:1389: executing depfiles commands
config.status:1389: executing libtool commands

## ---------------- ##
## Cache variables. ##
## ---------------- ##

ac_cv_build=x86_64-unknown-linux-gnu
ac_cv_c_compiler_gnu=yes
ac_cv_c_const=yes
ac_cv_cxx_compiler_gnu=yes
ac_cv_env_CCC_set=
ac_cv_env_CCC_value=
ac_cv_env_CC_set=
ac_cv_env_CC_value=
ac_cv_env_CFLAGS_set=
ac_cv_env_CFLAGS_value=
ac_cv_env_CPPFLAGS_set=set
ac_cv_env_CPPFLAGS_value='-I/home/paul/.local/include -I/home/paul/projects/custom/cpm/lib/jdk1.8.0_51/include -I/home/paul/projects/custom/cpm/lib/jdk1.8.0_51/include/linux'
ac_cv_env_CPP_set=
ac_cv_env_CPP_value=
ac_cv_env_CXXCPP_set=
ac_cv_env_CXXCPP_value=
ac_cv_env_CXXFLAGS_set=
ac_cv_env_CXXFLAGS_value=
ac_cv_env_CXX_set=
ac_cv_env_CXX_value=
ac_cv_env_LDFLAGS_set=set
ac_cv_env_LDFLAGS_value=-L/home/paul/.local/lib
ac_cv_env_LIBS_set=
ac_cv_env_LIBS_value=
ac_cv_env_PKG_CONFIG_LIBDIR_set=
ac_cv_env_PKG_CONFIG_LIBDIR_value=
ac_cv_env_PKG_CONFIG_PATH_set=
ac_cv_env_PKG_CONFIG_PATH_value=
ac_cv_env_PKG_CONFIG_set=
ac_cv_env_PKG_CONFIG_value=
ac_cv_env_ZeroMQ_CFLAGS_set=
ac_cv_env_ZeroMQ_CFLAGS_value=
ac_cv_env_ZeroMQ_LIBS_set=
ac_cv_env_ZeroMQ_LIBS_value=
ac_cv_env_build_alias_set=
ac_cv_env_build_alias_value=
ac_cv_env_host_alias_set=
ac_cv_env_host_alias_value=
ac_cv_env_target_alias_set=
ac_cv_env_target_alias_value=
ac_cv_header_dlfcn_h=yes
ac_cv_header_inttypes_h=yes
ac_cv_header_memory_h=yes
ac_cv_header_stdc=yes
ac_cv_header_stdint_h=yes
ac_cv_header_stdlib_h=yes
ac_cv_header_string_h=yes
ac_cv_header_strings_h=yes
ac_cv_header_sys_stat_h=yes
ac_cv_header_sys_types_h=yes
ac_cv_header_unistd_h=yes
ac_cv_header_zmq_h=yes
ac_cv_host=x86_64-unknown-linux-gnu
ac_cv_lib_zmq_zmq_init=yes
ac_cv_objext=o
ac_cv_path_EGREP='/bin/grep -E'
ac_cv_path_FGREP='/bin/grep -F'
ac_cv_path_GREP=/bin/grep
ac_cv_path_SED=/bin/sed
ac_cv_path__ACJNI_JAVAC=/home/paul/projects/custom/cpm/lib/jdk1.8.0_51/bin/javac
ac_cv_path_ac_pt_PKG_CONFIG=/usr/bin/pkg-config
ac_cv_path_install='/usr/bin/install -c'
ac_cv_path_mkdir=/bin/mkdir
ac_cv_prog_AWK=gawk
ac_cv_prog_CPP='gcc -E'
ac_cv_prog_CXXCPP='g++ -E'
ac_cv_prog_JAR=jar
ac_cv_prog_JAVAC=javac
ac_cv_prog_JAVAH=javah
ac_cv_prog_ac_ct_AR=ar
ac_cv_prog_ac_ct_CC=gcc
ac_cv_prog_ac_ct_CXX=g++
ac_cv_prog_ac_ct_MANIFEST_TOOL=mt
ac_cv_prog_ac_ct_OBJDUMP=objdump
ac_cv_prog_ac_ct_RANLIB=ranlib
ac_cv_prog_ac_ct_STRIP=strip
ac_cv_prog_cc_c89=
ac_cv_prog_cc_g=yes
ac_cv_prog_cxx_g=yes
ac_cv_prog_make_make_set=yes
ac_cv_type_size_t=yes
am_cv_CC_dependencies_compiler_type=gcc3
am_cv_CXX_dependencies_compiler_type=gcc3
am_cv_make_support_nested_variables=yes
am_cv_prog_cc_c_o=yes
am_cv_prog_tar_ustar=gnutar
lt_cv_ar_at_file=@
lt_cv_archive_cmds_need_lc=no
lt_cv_deplibs_check_method=pass_all
lt_cv_file_magic_cmd='$MAGIC_CMD'
lt_cv_file_magic_test_file=
lt_cv_ld_reload_flag=-r
lt_cv_nm_interface='BSD nm'
lt_cv_objdir=.libs
lt_cv_path_LD=/usr/bin/ld
lt_cv_path_LDCXX='/usr/bin/ld -m elf_x86_64'
lt_cv_path_NM='/usr/bin/nm -B'
lt_cv_path_mainfest_tool=no
lt_cv_prog_compiler_c_o=yes
lt_cv_prog_compiler_c_o_CXX=yes
lt_cv_prog_compiler_pic='-fPIC -DPIC'
lt_cv_prog_compiler_pic_CXX='-fPIC -DPIC'
lt_cv_prog_compiler_pic_works=yes
lt_cv_prog_compiler_pic_works_CXX=yes
lt_cv_prog_compiler_rtti_exceptions=no
lt_cv_prog_compiler_static_works=yes
lt_cv_prog_compiler_static_works_CXX=yes
lt_cv_prog_gnu_ld=yes
lt_cv_prog_gnu_ldcxx=yes
lt_cv_sharedlib_from_linklib_cmd='printf %s\n'
lt_cv_shlibpath_overrides_runpath=no
lt_cv_sys_global_symbol_pipe='sed -n -e '\''s/^.*[	 ]\([ABCDGIRSTW][ABCDGIRSTW]*\)[	 ][	 ]*\([_A-Za-z][_A-Za-z0-9]*\)$/\1 \2 \2/p'\'' | sed '\''/ __gnu_lto/d'\'''
lt_cv_sys_global_symbol_to_c_name_address='sed -n -e '\''s/^: \([^ ]*\)[ ]*$/  {\"\1\", (void *) 0},/p'\'' -e '\''s/^[ABCDGIRSTW]* \([^ ]*\) \([^ ]*\)$/  {"\2", (void *) \&\2},/p'\'''
lt_cv_sys_global_symbol_to_c_name_address_lib_prefix='sed -n -e '\''s/^: \([^ ]*\)[ ]*$/  {\"\1\", (void *) 0},/p'\'' -e '\''s/^[ABCDGIRSTW]* \([^ ]*\) \(lib[^ ]*\)$/  {"\2", (void *) \&\2},/p'\'' -e '\''s/^[ABCDGIRSTW]* \([^ ]*\) \([^ ]*\)$/  {"lib\2", (void *) \&\2},/p'\'''
lt_cv_sys_global_symbol_to_cdecl='sed -n -e '\''s/^T .* \(.*\)$/extern int \1();/p'\'' -e '\''s/^[ABCDGIRSTW]* .* \(.*\)$/extern char \1;/p'\'''
lt_cv_sys_max_cmd_len=1572864
lt_cv_to_host_file_cmd=func_convert_file_noop
lt_cv_to_tool_file_cmd=func_convert_file_noop
pkg_cv_ZeroMQ_CFLAGS='-I/usr/local/include '
pkg_cv_ZeroMQ_LIBS='-L/usr/local/lib -lzmq '

## ----------------- ##
## Output variables. ##
## ----------------- ##

ACLOCAL='${SHELL} /home/paul/projects/custom/cpm/lib/src/jzmq/config/missing aclocal-1.14'
AMDEPBACKSLASH='\'
AMDEP_FALSE='#'
AMDEP_TRUE=''
AMTAR='$${TAR-tar}'
AM_BACKSLASH='\'
AM_DEFAULT_V='$(AM_DEFAULT_VERBOSITY)'
AM_DEFAULT_VERBOSITY='1'
AM_V='$(V)'
AR='ar'
AUTOCONF='${SHELL} /home/paul/projects/custom/cpm/lib/src/jzmq/config/missing autoconf'
AUTOHEADER='${SHELL} /home/paul/projects/custom/cpm/lib/src/jzmq/config/missing autoheader'
AUTOMAKE='${SHELL} /home/paul/projects/custom/cpm/lib/src/jzmq/config/missing automake-1.14'
AWK='gawk'
CC='gcc'
CCDEPMODE='depmode=gcc3'
CFLAGS='-g -O2'
CPP='gcc -E'
CPPFLAGS='-D_REENTRANT -D_THREAD_SAFE -I/home/paul/.local/include -I/home/paul/projects/custom/cpm/lib/jdk1.8.0_51/include -I/home/paul/projects/custom/cpm/lib/jdk1.8.0_51/include/linux -I/usr/local/include  -I/home/paul/projects/custom/cpm/lib/jdk1.8.0_51/include -I/home/paul/projects/custom/cpm/lib/jdk1.8.0_51/include/linux'
CXX='g++'
CXXCPP='g++ -E'
CXXDEPMODE='depmode=gcc3'
CXXFLAGS='-g -O2'
CYGPATH_W='echo'
DEFS='-DHAVE_CONFIG_H'
DEPDIR='.deps'
DISABLE_VERSION_FALSE=''
DISABLE_VERSION_TRUE='#'
DLLTOOL='false'
DSYMUTIL=''
DUMPBIN=''
ECHO_C=''
ECHO_N='-n'
ECHO_T=''
EGREP='/bin/grep -E'
EXEEXT=''
FGREP='/bin/grep -F'
GREP='/bin/grep'
INSTALL_DATA='${INSTALL} -m 644'
INSTALL_PROGRAM='${INSTALL}'
INSTALL_SCRIPT='${INSTALL}'
INSTALL_STRIP_PROGRAM='$(install_sh) -c -s'
JAR='jar'
JAVAC='javac'
JAVAH='javah'
JAVAROOT='.'
JLTVER='0:0:0'
LD='/usr/bin/ld -m elf_x86_64'
LDFLAGS='-L/home/paul/.local/lib -L/usr/local/lib -lzmq '
LIBOBJS=''
LIBS='-lzmq '
LIBTOOL='$(SHELL) $(top_builddir)/libtool'
LIPO=''
LN_S='ln -s'
LTLIBOBJS=''
MAKEINFO='${SHELL} /home/paul/projects/custom/cpm/lib/src/jzmq/config/missing makeinfo'
MANIFEST_TOOL=':'
MKDIR_P='/bin/mkdir -p'
NM='/usr/bin/nm -B'
NMEDIT=''
OBJDUMP='objdump'
OBJEXT='o'
OTOOL64=''
OTOOL=''
PACKAGE='jzmq'
PACKAGE_BUGREPORT='zeromq-dev@lists.zeromq.org'
PACKAGE_NAME='jzmq'
PACKAGE_STRING='jzmq 4.0.0'
PACKAGE_TARNAME='jzmq'
PACKAGE_URL=''
PACKAGE_VERSION='4.0.0'
PATH_SEPARATOR=':'
PKG_CONFIG='/usr/bin/pkg-config'
PKG_CONFIG_LIBDIR=''
PKG_CONFIG_PATH=''
RANLIB='ranlib'
SED='/bin/sed'
SET_MAKE=''
SHELL='/bin/bash'
STRIP='strip'
VERSION='4.0.0'
ZeroMQ_CFLAGS='-I/usr/local/include '
ZeroMQ_LIBS='-L/usr/local/lib -lzmq '
_ACJNI_JAVAC='/home/paul/projects/custom/cpm/lib/jdk1.8.0_51/bin/javac'
ac_ct_AR='ar'
ac_ct_CC='gcc'
ac_ct_CXX='g++'
ac_ct_DUMPBIN=''
am__EXEEXT_FALSE=''
am__EXEEXT_TRUE='#'
am__fastdepCC_FALSE='#'
am__fastdepCC_TRUE=''
am__fastdepCXX_FALSE='#'
am__fastdepCXX_TRUE=''
am__include='include'
am__isrc=''
am__leading_dot='.'
am__nodep='_no'
am__quote=''
am__tar='tar --format=ustar -chf - "$$tardir"'
am__untar='tar -xf -'
bindir='${exec_prefix}/bin'
build='x86_64-unknown-linux-gnu'
build_alias=''
build_cpu='x86_64'
build_os='linux-gnu'
build_vendor='unknown'
datadir='${datarootdir}'
datarootdir='${prefix}/share'
docdir='${datarootdir}/doc/${PACKAGE_TARNAME}'
dvidir='${docdir}'
exec_prefix='${prefix}'
host='x86_64-unknown-linux-gnu'
host_alias=''
host_cpu='x86_64'
host_os='linux-gnu'
host_vendor='unknown'
htmldir='${docdir}'
includedir='${prefix}/include'
infodir='${datarootdir}/info'
install_sh='${SHELL} /home/paul/projects/custom/cpm/lib/src/jzmq/config/install-sh'
libdir='${exec_prefix}/lib'
libexecdir='${exec_prefix}/libexec'
localedir='${datarootdir}/locale'
localstatedir='${prefix}/var'
mandir='${datarootdir}/man'
mkdir_p='$(MKDIR_P)'
oldincludedir='/usr/include'
pdfdir='${docdir}'
prefix='/home/paul/.local'
program_transform_name='s,x,x,'
psdir='${docdir}'
sbindir='${exec_prefix}/sbin'
sharedstatedir='${prefix}/com'
sysconfdir='${prefix}/etc'
target_alias=''

## ----------- ##
## confdefs.h. ##
## ----------- ##

/* confdefs.h */
#define PACKAGE_NAME "jzmq"
#define PACKAGE_TARNAME "jzmq"
#define PACKAGE_VERSION "4.0.0"
#define PACKAGE_STRING "jzmq 4.0.0"
#define PACKAGE_BUGREPORT "zeromq-dev@lists.zeromq.org"
#define PACKAGE_URL ""
#define PACKAGE "jzmq"
#define VERSION "4.0.0"
#define STDC_HEADERS 1
#define HAVE_SYS_TYPES_H 1
#define HAVE_SYS_STAT_H 1
#define HAVE_STDLIB_H 1
#define HAVE_STRING_H 1
#define HAVE_MEMORY_H 1
#define HAVE_STRINGS_H 1
#define HAVE_INTTYPES_H 1
#define HAVE_STDINT_H 1
#define HAVE_UNISTD_H 1
#define HAVE_DLFCN_H 1
#define LT_OBJDIR ".libs/"

configure: exit 0
